# JRE version: OpenJDK Runtime Environment (8.0_152-b01) (build 1.8.0_152-release-1248-b01)
# Java VM: OpenJDK 64-Bit Server VM (25.152-b01 mixed mode windows-amd64 compressed oops)
Heap:
 PSYoungGen      total 139264K, used 12449K [0x00000000e0000000, 0x00000000eaf00000, 0x0000000100000000)
  eden space 122880K, 10% used [0x00000000e0000000,0x00000000e0c28458,0x00000000e7800000)
  from space 16384K, 0% used [0x00000000e8b80000,0x00000000e8b80000,0x00000000e9b80000)
  to   space 19968K, 0% used [0x00000000e7800000,0x00000000e7800000,0x00000000e8b80000)
 ParOldGen       total 201216K, used 33766K [0x00000000a0000000, 0x00000000ac480000, 0x00000000e0000000)
  object space 201216K, 16% used [0x00000000a0000000,0x00000000a20f9ac8,0x00000000ac480000)
 Metaspace       used 58085K, capacity 59616K, committed 59952K, reserved 1101824K
  class space    used 7951K, capacity 8377K, committed 8496K, reserved 1048576K
GC Heap History (10 events):
Event: 4.514 GC heap before
{Heap before GC invocations=9 (full 2):
 PSYoungGen      total 86528K, used 11237K [0x00000000e0000000, 0x00000000e8c00000, 0x0000000100000000)
  eden space 75264K, 0% used [0x00000000e0000000,0x00000000e0000000,0x00000000e4980000)
  from space 11264K, 99% used [0x00000000e4980000,0x00000000e5479410,0x00000000e5480000)
  to   space 12800K, 0% used [0x00000000e7f80000,0x00000000e7f80000,0x00000000e8c00000)
 ParOldGen       total 82432K, used 8861K [0x00000000a0000000, 0x00000000a5080000, 0x00000000e0000000)
  object space 82432K, 10% used [0x00000000a0000000,0x00000000a08a74b8,0x00000000a5080000)
 Metaspace       used 34853K, capacity 35358K, committed 35496K, reserved 1079296K
  class space    used 4855K, capacity 5097K, committed 5168K, reserved 1048576K
Event: 4.587 GC heap after
Heap after GC invocations=9 (full 2):
 PSYoungGen      total 86528K, used 0K [0x00000000e0000000, 0x00000000e8c00000, 0x0000000100000000)
  eden space 75264K, 0% used [0x00000000e0000000,0x00000000e0000000,0x00000000e4980000)
  from space 11264K, 0% used [0x00000000e4980000,0x00000000e4980000,0x00000000e5480000)
  to   space 12800K, 0% used [0x00000000e7f80000,0x00000000e7f80000,0x00000000e8c00000)
 ParOldGen       total 134144K, used 18200K [0x00000000a0000000, 0x00000000a8300000, 0x00000000e0000000)
  object space 134144K, 13% used [0x00000000a0000000,0x00000000a11c6278,0x00000000a8300000)
 Metaspace       used 34853K, capacity 35358K, committed 35496K, reserved 1079296K
  class space    used 4855K, capacity 5097K, committed 5168K, reserved 1048576K
}
Event: 5.297 GC heap before
{Heap before GC invocations=10 (full 2):
 PSYoungGen      total 86528K, used 75264K [0x00000000e0000000, 0x00000000e8c00000, 0x0000000100000000)
  eden space 75264K, 100% used [0x00000000e0000000,0x00000000e4980000,0x00000000e4980000)
  from space 11264K, 0% used [0x00000000e4980000,0x00000000e4980000,0x00000000e5480000)
  to   space 12800K, 0% used [0x00000000e7f80000,0x00000000e7f80000,0x00000000e8c00000)
 ParOldGen       total 134144K, used 18200K [0x00000000a0000000, 0x00000000a8300000, 0x00000000e0000000)
  object space 134144K, 13% used [0x00000000a0000000,0x00000000a11c6278,0x00000000a8300000)
 Metaspace       used 41945K, capacity 42602K, committed 42800K, reserved 1085440K
  class space    used 5677K, capacity 5920K, committed 5936K, reserved 1048576K
Event: 5.305 GC heap after
Heap after GC invocations=10 (full 2):
 PSYoungGen      total 116224K, used 12184K [0x00000000e0000000, 0x00000000e8b80000, 0x0000000100000000)
  eden space 103936K, 0% used [0x00000000e0000000,0x00000000e0000000,0x00000000e6580000)
  from space 12288K, 99% used [0x00000000e7f80000,0x00000000e8b66038,0x00000000e8b80000)
  to   space 14336K, 0% used [0x00000000e6f80000,0x00000000e6f80000,0x00000000e7d80000)
 ParOldGen       total 134144K, used 18208K [0x00000000a0000000, 0x00000000a8300000, 0x00000000e0000000)
  object space 134144K, 13% used [0x00000000a0000000,0x00000000a11c8278,0x00000000a8300000)
 Metaspace       used 41945K, capacity 42602K, committed 42800K, reserved 1085440K
  class space    used 5677K, capacity 5920K, committed 5936K, reserved 1048576K
}
Event: 6.330 GC heap before
{Heap before GC invocations=11 (full 2):
 PSYoungGen      total 116224K, used 116120K [0x00000000e0000000, 0x00000000e8b80000, 0x0000000100000000)
  eden space 103936K, 100% used [0x00000000e0000000,0x00000000e6580000,0x00000000e6580000)
  from space 12288K, 99% used [0x00000000e7f80000,0x00000000e8b66038,0x00000000e8b80000)
  to   space 14336K, 0% used [0x00000000e6f80000,0x00000000e6f80000,0x00000000e7d80000)
 ParOldGen       total 134144K, used 18208K [0x00000000a0000000, 0x00000000a8300000, 0x00000000e0000000)
  object space 134144K, 13% used [0x00000000a0000000,0x00000000a11c8278,0x00000000a8300000)
 Metaspace       used 50887K, capacity 52004K, committed 52016K, reserved 1093632K
  class space    used 6863K, capacity 7205K, committed 7216K, reserved 1048576K
Event: 6.340 GC heap after
Heap after GC invocations=11 (full 2):
 PSYoungGen      total 128512K, used 14313K [0x00000000e0000000, 0x00000000e9b80000, 0x0000000100000000)
  eden space 114176K, 0% used [0x00000000e0000000,0x00000000e0000000,0x00000000e6f80000)
  from space 14336K, 99% used [0x00000000e6f80000,0x00000000e7d7a7c0,0x00000000e7d80000)
  to   space 16384K, 0% used [0x00000000e8b80000,0x00000000e8b80000,0x00000000e9b80000)
 ParOldGen       total 134144K, used 19988K [0x00000000a0000000, 0x00000000a8300000, 0x00000000e0000000)
  object space 134144K, 14% used [0x00000000a0000000,0x00000000a1385150,0x00000000a8300000)
 Metaspace       used 50887K, capacity 52004K, committed 52016K, reserved 1093632K
  class space    used 6863K, capacity 7205K, committed 7216K, reserved 1048576K
}
Event: 7.135 GC heap before
{Heap before GC invocations=12 (full 2):
 PSYoungGen      total 128512K, used 101948K [0x00000000e0000000, 0x00000000e9b80000, 0x0000000100000000)
  eden space 114176K, 76% used [0x00000000e0000000,0x00000000e5594ab8,0x00000000e6f80000)
  from space 14336K, 99% used [0x00000000e6f80000,0x00000000e7d7a7c0,0x00000000e7d80000)
  to   space 16384K, 0% used [0x00000000e8b80000,0x00000000e8b80000,0x00000000e9b80000)
 ParOldGen       total 134144K, used 19988K [0x00000000a0000000, 0x00000000a8300000, 0x00000000e0000000)
  object space 134144K, 14% used [0x00000000a0000000,0x00000000a1385150,0x00000000a8300000)
 Metaspace       used 57543K, capacity 59042K, committed 59160K, reserved 1099776K
  class space    used 7886K, capacity 8300K, committed 8368K, reserved 1048576K
Event: 7.148 GC heap after
Heap after GC invocations=12 (full 2):
 PSYoungGen      total 139264K, used 16359K [0x00000000e0000000, 0x00000000eaf00000, 0x0000000100000000)
  eden space 122880K, 0% used [0x00000000e0000000,0x00000000e0000000,0x00000000e7800000)
  from space 16384K, 99% used [0x00000000e8b80000,0x00000000e9b79ec0,0x00000000e9b80000)
  to   space 19968K, 0% used [0x00000000e7800000,0x00000000e7800000,0x00000000e8b80000)
 ParOldGen       total 134144K, used 23880K [0x00000000a0000000, 0x00000000a8300000, 0x00000000e0000000)
  object space 134144K, 17% used [0x00000000a0000000,0x00000000a17521f8,0x00000000a8300000)
 Metaspace       used 57543K, capacity 59042K, committed 59160K, reserved 1099776K
  class space    used 7886K, capacity 8300K, committed 8368K, reserved 1048576K
}
Event: 7.148 GC heap before
{Heap before GC invocations=13 (full 3):
 PSYoungGen      total 139264K, used 16359K [0x00000000e0000000, 0x00000000eaf00000, 0x0000000100000000)
  eden space 122880K, 0% used [0x00000000e0000000,0x00000000e0000000,0x00000000e7800000)
  from space 16384K, 99% used [0x00000000e8b80000,0x00000000e9b79ec0,0x00000000e9b80000)
  to   space 19968K, 0% used [0x00000000e7800000,0x00000000e7800000,0x00000000e8b80000)
 ParOldGen       total 134144K, used 23880K [0x00000000a0000000, 0x00000000a8300000, 0x00000000e0000000)
  object space 134144K, 17% used [0x00000000a0000000,0x00000000a17521f8,0x00000000a8300000)
 Metaspace       used 57543K, capacity 59042K, committed 59160K, reserved 1099776K
  class space    used 7886K, capacity 8300K, committed 8368K, reserved 1048576K
Event: 7.327 GC heap after
Heap after GC invocations=13 (full 3):
 PSYoungGen      total 139264K, used 0K [0x00000000e0000000, 0x00000000eaf00000, 0x0000000100000000)
  eden space 122880K, 0% used [0x00000000e0000000,0x00000000e0000000,0x00000000e7800000)
  from space 16384K, 0% used [0x00000000e8b80000,0x00000000e8b80000,0x00000000e9b80000)
  to   space 19968K, 0% used [0x00000000e7800000,0x00000000e7800000,0x00000000e8b80000)
 ParOldGen       total 201216K, used 33766K [0x00000000a0000000, 0x00000000ac480000, 0x00000000e0000000)
  object space 201216K, 16% used [0x00000000a0000000,0x00000000a20f9ac8,0x00000000ac480000)
 Metaspace       used 57543K, capacity 59042K, committed 59160K, reserved 1099776K
  class space    used 7886K, capacity 8300K, committed 8368K, reserved 1048576K
}

