# JRE version: OpenJDK Runtime Environment (8.0_152-b01) (build 1.8.0_152-release-1248-b01)
# Java VM: OpenJDK 64-Bit Server VM (25.152-b01 mixed mode windows-amd64 compressed oops)
Heap:
 PSYoungGen      total 145408K, used 28594K [0x00000000e0000000, 0x00000000eab80000, 0x0000000100000000)
  eden space 122880K, 18% used [0x00000000e0000000,0x00000000e1681998,0x00000000e7800000)
  from space 22528K, 24% used [0x00000000e7800000,0x00000000e7d6b0e0,0x00000000e8e00000)
  to   space 22528K, 0% used [0x00000000e9580000,0x00000000e9580000,0x00000000eab80000)
 ParOldGen       total 278016K, used 33187K [0x00000000a0000000, 0x00000000b0f80000, 0x00000000e0000000)
  object space 278016K, 11% used [0x00000000a0000000,0x00000000a2068df8,0x00000000b0f80000)
 Metaspace       used 93098K, capacity 99145K, committed 99760K, reserved 1136640K
  class space    used 11814K, capacity 12851K, committed 12976K, reserved 1048576K
GC Heap History (10 events):
Event: 1626.713 GC heap before
{Heap before GC invocations=33 (full 4):
 PSYoungGen      total 125952K, used 8528K [0x00000000e0000000, 0x00000000e9d80000, 0x0000000100000000)
  eden space 117248K, 0% used [0x00000000e0000000,0x00000000e0000000,0x00000000e7280000)
  from space 8704K, 97% used [0x00000000e7480000,0x00000000e7cd4240,0x00000000e7d00000)
  to   space 22016K, 0% used [0x00000000e8800000,0x00000000e8800000,0x00000000e9d80000)
 ParOldGen       total 202240K, used 38885K [0x00000000a0000000, 0x00000000ac580000, 0x00000000e0000000)
  object space 202240K, 19% used [0x00000000a0000000,0x00000000a25f94b8,0x00000000ac580000)
 Metaspace       used 92323K, capacity 98497K, committed 98600K, reserved 1134592K
  class space    used 11772K, capacity 12873K, committed 12976K, reserved 1048576K
Event: 1627.078 GC heap after
Heap after GC invocations=33 (full 4):
 PSYoungGen      total 125952K, used 0K [0x00000000e0000000, 0x00000000e9d80000, 0x0000000100000000)
  eden space 117248K, 0% used [0x00000000e0000000,0x00000000e0000000,0x00000000e7280000)
  from space 8704K, 0% used [0x00000000e7480000,0x00000000e7480000,0x00000000e7d00000)
  to   space 22016K, 0% used [0x00000000e8800000,0x00000000e8800000,0x00000000e9d80000)
 ParOldGen       total 278016K, used 33163K [0x00000000a0000000, 0x00000000b0f80000, 0x00000000e0000000)
  object space 278016K, 11% used [0x00000000a0000000,0x00000000a2062df8,0x00000000b0f80000)
 Metaspace       used 91775K, capacity 97313K, committed 98600K, reserved 1134592K
  class space    used 11625K, capacity 12613K, committed 12976K, reserved 1048576K
}
Event: 1628.740 GC heap before
{Heap before GC invocations=34 (full 4):
 PSYoungGen      total 125952K, used 117248K [0x00000000e0000000, 0x00000000e9d80000, 0x0000000100000000)
  eden space 117248K, 100% used [0x00000000e0000000,0x00000000e7280000,0x00000000e7280000)
  from space 8704K, 0% used [0x00000000e7480000,0x00000000e7480000,0x00000000e7d00000)
  to   space 22016K, 0% used [0x00000000e8800000,0x00000000e8800000,0x00000000e9d80000)
 ParOldGen       total 278016K, used 33163K [0x00000000a0000000, 0x00000000b0f80000, 0x00000000e0000000)
  object space 278016K, 11% used [0x00000000a0000000,0x00000000a2062df8,0x00000000b0f80000)
 Metaspace       used 92031K, capacity 97727K, committed 98856K, reserved 1134592K
  class space    used 11661K, capacity 12676K, committed 12976K, reserved 1048576K
Event: 1628.746 GC heap after
Heap after GC invocations=34 (full 4):
 PSYoungGen      total 138240K, used 960K [0x00000000e0000000, 0x00000000ea680000, 0x0000000100000000)
  eden space 116224K, 0% used [0x00000000e0000000,0x00000000e0000000,0x00000000e7180000)
  from space 22016K, 4% used [0x00000000e8800000,0x00000000e88f0000,0x00000000e9d80000)
  to   space 23040K, 0% used [0x00000000e7180000,0x00000000e7180000,0x00000000e8800000)
 ParOldGen       total 278016K, used 33171K [0x00000000a0000000, 0x00000000b0f80000, 0x00000000e0000000)
  object space 278016K, 11% used [0x00000000a0000000,0x00000000a2064df8,0x00000000b0f80000)
 Metaspace       used 92031K, capacity 97727K, committed 98856K, reserved 1134592K
  class space    used 11661K, capacity 12676K, committed 12976K, reserved 1048576K
}
Event: 1643.313 GC heap before
{Heap before GC invocations=35 (full 4):
 PSYoungGen      total 138240K, used 116274K [0x00000000e0000000, 0x00000000ea680000, 0x0000000100000000)
  eden space 116224K, 99% used [0x00000000e0000000,0x00000000e709cb28,0x00000000e7180000)
  from space 22016K, 4% used [0x00000000e8800000,0x00000000e88f0000,0x00000000e9d80000)
  to   space 23040K, 0% used [0x00000000e7180000,0x00000000e7180000,0x00000000e8800000)
 ParOldGen       total 278016K, used 33171K [0x00000000a0000000, 0x00000000b0f80000, 0x00000000e0000000)
  object space 278016K, 11% used [0x00000000a0000000,0x00000000a2064df8,0x00000000b0f80000)
 Metaspace       used 92565K, capacity 98403K, committed 99248K, reserved 1136640K
  class space    used 11742K, capacity 12758K, committed 12976K, reserved 1048576K
Event: 1643.325 GC heap after
Heap after GC invocations=35 (full 4):
 PSYoungGen      total 139264K, used 6371K [0x00000000e0000000, 0x00000000ea480000, 0x0000000100000000)
  eden space 116224K, 0% used [0x00000000e0000000,0x00000000e0000000,0x00000000e7180000)
  from space 23040K, 27% used [0x00000000e7180000,0x00000000e77b8fd8,0x00000000e8800000)
  to   space 23040K, 0% used [0x00000000e8e00000,0x00000000e8e00000,0x00000000ea480000)
 ParOldGen       total 278016K, used 33179K [0x00000000a0000000, 0x00000000b0f80000, 0x00000000e0000000)
  object space 278016K, 11% used [0x00000000a0000000,0x00000000a2066df8,0x00000000b0f80000)
 Metaspace       used 92565K, capacity 98403K, committed 99248K, reserved 1136640K
  class space    used 11742K, capacity 12758K, committed 12976K, reserved 1048576K
}
Event: 1644.801 GC heap before
{Heap before GC invocations=36 (full 4):
 PSYoungGen      total 139264K, used 122595K [0x00000000e0000000, 0x00000000ea480000, 0x0000000100000000)
  eden space 116224K, 100% used [0x00000000e0000000,0x00000000e7180000,0x00000000e7180000)
  from space 23040K, 27% used [0x00000000e7180000,0x00000000e77b8fd8,0x00000000e8800000)
  to   space 23040K, 0% used [0x00000000e8e00000,0x00000000e8e00000,0x00000000ea480000)
 ParOldGen       total 278016K, used 33179K [0x00000000a0000000, 0x00000000b0f80000, 0x00000000e0000000)
  object space 278016K, 11% used [0x00000000a0000000,0x00000000a2066df8,0x00000000b0f80000)
 Metaspace       used 92946K, capacity 98983K, committed 99504K, reserved 1136640K
  class space    used 11804K, capacity 12846K, committed 12976K, reserved 1048576K
Event: 1644.824 GC heap after
Heap after GC invocations=36 (full 4):
 PSYoungGen      total 145920K, used 8357K [0x00000000e0000000, 0x00000000ea600000, 0x0000000100000000)
  eden space 122880K, 0% used [0x00000000e0000000,0x00000000e0000000,0x00000000e7800000)
  from space 23040K, 36% used [0x00000000e8e00000,0x00000000e9629460,0x00000000ea480000)
  to   space 22528K, 0% used [0x00000000e7800000,0x00000000e7800000,0x00000000e8e00000)
 ParOldGen       total 278016K, used 33187K [0x00000000a0000000, 0x00000000b0f80000, 0x00000000e0000000)
  object space 278016K, 11% used [0x00000000a0000000,0x00000000a2068df8,0x00000000b0f80000)
 Metaspace       used 92946K, capacity 98983K, committed 99504K, reserved 1136640K
  class space    used 11804K, capacity 12846K, committed 12976K, reserved 1048576K
}
Event: 1646.671 GC heap before
{Heap before GC invocations=37 (full 4):
 PSYoungGen      total 145920K, used 131098K [0x00000000e0000000, 0x00000000ea600000, 0x0000000100000000)
  eden space 122880K, 99% used [0x00000000e0000000,0x00000000e77dd3f8,0x00000000e7800000)
  from space 23040K, 36% used [0x00000000e8e00000,0x00000000e9629460,0x00000000ea480000)
  to   space 22528K, 0% used [0x00000000e7800000,0x00000000e7800000,0x00000000e8e00000)
 ParOldGen       total 278016K, used 33187K [0x00000000a0000000, 0x00000000b0f80000, 0x00000000e0000000)
  object space 278016K, 11% used [0x00000000a0000000,0x00000000a2068df8,0x00000000b0f80000)
 Metaspace       used 92980K, capacity 98983K, committed 99504K, reserved 1136640K
  class space    used 11804K, capacity 12846K, committed 12976K, reserved 1048576K
Event: 1646.685 GC heap after
Heap after GC invocations=37 (full 4):
 PSYoungGen      total 145408K, used 5548K [0x00000000e0000000, 0x00000000eab80000, 0x0000000100000000)
  eden space 122880K, 0% used [0x00000000e0000000,0x00000000e0000000,0x00000000e7800000)
  from space 22528K, 24% used [0x00000000e7800000,0x00000000e7d6b0e0,0x00000000e8e00000)
  to   space 22528K, 0% used [0x00000000e9580000,0x00000000e9580000,0x00000000eab80000)
 ParOldGen       total 278016K, used 33187K [0x00000000a0000000, 0x00000000b0f80000, 0x00000000e0000000)
  object space 278016K, 11% used [0x00000000a0000000,0x00000000a2068df8,0x00000000b0f80000)
 Metaspace       used 92980K, capacity 98983K, committed 99504K, reserved 1136640K
  class space    used 11804K, capacity 12846K, committed 12976K, reserved 1048576K
}

