# JRE version: OpenJDK Runtime Environment (8.0_152-b01) (build 1.8.0_152-release-1248-b01)
# Java VM: OpenJDK 64-Bit Server VM (25.152-b01 mixed mode windows-amd64 compressed oops)
Heap:
 PSYoungGen      total 312832K, used 239087K [0x00000000e0000000, 0x00000000f7980000, 0x0000000100000000)
  eden space 244224K, 95% used [0x00000000e0000000,0x00000000ee3c4168,0x00000000eee80000)
  from space 68608K, 8% used [0x00000000f3680000,0x00000000f3c37b08,0x00000000f7980000)
  to   space 71168K, 0% used [0x00000000eee80000,0x00000000eee80000,0x00000000f3400000)
 ParOldGen       total 285184K, used 65642K [0x00000000a0000000, 0x00000000b1680000, 0x00000000e0000000)
  object space 285184K, 23% used [0x00000000a0000000,0x00000000a401ab18,0x00000000b1680000)
 Metaspace       used 101116K, capacity 105130K, committed 106520K, reserved 1144832K
  class space    used 12549K, capacity 13296K, committed 13592K, reserved 1048576K
GC Heap History (10 events):
Event: 8612.885 GC heap before
{Heap before GC invocations=42 (full 4):
 PSYoungGen      total 206848K, used 206824K [0x00000000e0000000, 0x00000000f1e80000, 0x0000000100000000)
  eden space 162816K, 100% used [0x00000000e0000000,0x00000000e9f00000,0x00000000e9f00000)
  from space 44032K, 99% used [0x00000000e9f00000,0x00000000ec9fa0c0,0x00000000eca00000)
  to   space 50688K, 0% used [0x00000000eed00000,0x00000000eed00000,0x00000000f1e80000)
 ParOldGen       total 285184K, used 51932K [0x00000000a0000000, 0x00000000b1680000, 0x00000000e0000000)
  object space 285184K, 18% used [0x00000000a0000000,0x00000000a32b71d0,0x00000000b1680000)
 Metaspace       used 97384K, capacity 101352K, committed 102680K, reserved 1138688K
  class space    used 12078K, capacity 12849K, committed 13080K, reserved 1048576K
Event: 8612.923 GC heap after
Heap after GC invocations=42 (full 4):
 PSYoungGen      total 235008K, used 50676K [0x00000000e0000000, 0x00000000f2f00000, 0x0000000100000000)
  eden space 184320K, 0% used [0x00000000e0000000,0x00000000e0000000,0x00000000eb400000)
  from space 50688K, 99% used [0x00000000eed00000,0x00000000f1e7d0b0,0x00000000f1e80000)
  to   space 58368K, 0% used [0x00000000eb400000,0x00000000eb400000,0x00000000eed00000)
 ParOldGen       total 285184K, used 52644K [0x00000000a0000000, 0x00000000b1680000, 0x00000000e0000000)
  object space 285184K, 18% used [0x00000000a0000000,0x00000000a33691d0,0x00000000b1680000)
 Metaspace       used 97384K, capacity 101352K, committed 102680K, reserved 1138688K
  class space    used 12078K, capacity 12849K, committed 13080K, reserved 1048576K
}
Event: 8613.255 GC heap before
{Heap before GC invocations=43 (full 4):
 PSYoungGen      total 235008K, used 234996K [0x00000000e0000000, 0x00000000f2f00000, 0x0000000100000000)
  eden space 184320K, 100% used [0x00000000e0000000,0x00000000eb400000,0x00000000eb400000)
  from space 50688K, 99% used [0x00000000eed00000,0x00000000f1e7d0b0,0x00000000f1e80000)
  to   space 58368K, 0% used [0x00000000eb400000,0x00000000eb400000,0x00000000eed00000)
 ParOldGen       total 285184K, used 52644K [0x00000000a0000000, 0x00000000b1680000, 0x00000000e0000000)
  object space 285184K, 18% used [0x00000000a0000000,0x00000000a33691d0,0x00000000b1680000)
 Metaspace       used 97384K, capacity 101352K, committed 102680K, reserved 1138688K
  class space    used 12078K, capacity 12849K, committed 13080K, reserved 1048576K
Event: 8613.276 GC heap after
Heap after GC invocations=43 (full 4):
 PSYoungGen      total 242688K, used 52192K [0x00000000e0000000, 0x00000000f5480000, 0x0000000100000000)
  eden space 184320K, 0% used [0x00000000e0000000,0x00000000e0000000,0x00000000eb400000)
  from space 58368K, 89% used [0x00000000eb400000,0x00000000ee6f8000,0x00000000eed00000)
  to   space 65024K, 0% used [0x00000000f1500000,0x00000000f1500000,0x00000000f5480000)
 ParOldGen       total 285184K, used 59418K [0x00000000a0000000, 0x00000000b1680000, 0x00000000e0000000)
  object space 285184K, 20% used [0x00000000a0000000,0x00000000a3a06b18,0x00000000b1680000)
 Metaspace       used 97384K, capacity 101352K, committed 102680K, reserved 1138688K
  class space    used 12078K, capacity 12849K, committed 13080K, reserved 1048576K
}
Event: 8613.573 GC heap before
{Heap before GC invocations=44 (full 4):
 PSYoungGen      total 242688K, used 236512K [0x00000000e0000000, 0x00000000f5480000, 0x0000000100000000)
  eden space 184320K, 100% used [0x00000000e0000000,0x00000000eb400000,0x00000000eb400000)
  from space 58368K, 89% used [0x00000000eb400000,0x00000000ee6f8000,0x00000000eed00000)
  to   space 65024K, 0% used [0x00000000f1500000,0x00000000f1500000,0x00000000f5480000)
 ParOldGen       total 285184K, used 59418K [0x00000000a0000000, 0x00000000b1680000, 0x00000000e0000000)
  object space 285184K, 20% used [0x00000000a0000000,0x00000000a3a06b18,0x00000000b1680000)
 Metaspace       used 97384K, capacity 101352K, committed 102680K, reserved 1138688K
  class space    used 12078K, capacity 12849K, committed 13080K, reserved 1048576K
Event: 8613.607 GC heap after
Heap after GC invocations=44 (full 4):
 PSYoungGen      total 278016K, used 54336K [0x00000000e0000000, 0x00000000f6100000, 0x0000000100000000)
  eden space 212992K, 0% used [0x00000000e0000000,0x00000000e0000000,0x00000000ed000000)
  from space 65024K, 83% used [0x00000000f1500000,0x00000000f4a10000,0x00000000f5480000)
  to   space 70656K, 0% used [0x00000000ed000000,0x00000000ed000000,0x00000000f1500000)
 ParOldGen       total 285184K, used 65434K [0x00000000a0000000, 0x00000000b1680000, 0x00000000e0000000)
  object space 285184K, 22% used [0x00000000a0000000,0x00000000a3fe6b18,0x00000000b1680000)
 Metaspace       used 97384K, capacity 101352K, committed 102680K, reserved 1138688K
  class space    used 12078K, capacity 12849K, committed 13080K, reserved 1048576K
}
Event: 8616.378 GC heap before
{Heap before GC invocations=45 (full 4):
 PSYoungGen      total 278016K, used 267328K [0x00000000e0000000, 0x00000000f6100000, 0x0000000100000000)
  eden space 212992K, 100% used [0x00000000e0000000,0x00000000ed000000,0x00000000ed000000)
  from space 65024K, 83% used [0x00000000f1500000,0x00000000f4a10000,0x00000000f5480000)
  to   space 70656K, 0% used [0x00000000ed000000,0x00000000ed000000,0x00000000f1500000)
 ParOldGen       total 285184K, used 65434K [0x00000000a0000000, 0x00000000b1680000, 0x00000000e0000000)
  object space 285184K, 22% used [0x00000000a0000000,0x00000000a3fe6b18,0x00000000b1680000)
 Metaspace       used 99233K, capacity 103196K, committed 104600K, reserved 1140736K
  class space    used 12359K, capacity 13143K, committed 13464K, reserved 1048576K
Event: 8616.387 GC heap after
Heap after GC invocations=45 (full 4):
 PSYoungGen      total 283648K, used 5229K [0x00000000e0000000, 0x00000000f7c00000, 0x0000000100000000)
  eden space 212992K, 0% used [0x00000000e0000000,0x00000000e0000000,0x00000000ed000000)
  from space 70656K, 7% used [0x00000000ed000000,0x00000000ed51b410,0x00000000f1500000)
  to   space 71168K, 0% used [0x00000000f3680000,0x00000000f3680000,0x00000000f7c00000)
 ParOldGen       total 285184K, used 65610K [0x00000000a0000000, 0x00000000b1680000, 0x00000000e0000000)
  object space 285184K, 23% used [0x00000000a0000000,0x00000000a4012b18,0x00000000b1680000)
 Metaspace       used 99233K, capacity 103196K, committed 104600K, reserved 1140736K
  class space    used 12359K, capacity 13143K, committed 13464K, reserved 1048576K
}
Event: 8618.169 GC heap before
{Heap before GC invocations=46 (full 4):
 PSYoungGen      total 283648K, used 218221K [0x00000000e0000000, 0x00000000f7c00000, 0x0000000100000000)
  eden space 212992K, 100% used [0x00000000e0000000,0x00000000ed000000,0x00000000ed000000)
  from space 70656K, 7% used [0x00000000ed000000,0x00000000ed51b410,0x00000000f1500000)
  to   space 71168K, 0% used [0x00000000f3680000,0x00000000f3680000,0x00000000f7c00000)
 ParOldGen       total 285184K, used 65610K [0x00000000a0000000, 0x00000000b1680000, 0x00000000e0000000)
  object space 285184K, 23% used [0x00000000a0000000,0x00000000a4012b18,0x00000000b1680000)
 Metaspace       used 100518K, capacity 104520K, committed 106008K, reserved 1142784K
  class space    used 12494K, capacity 13279K, committed 13592K, reserved 1048576K
Event: 8618.180 GC heap after
Heap after GC invocations=46 (full 4):
 PSYoungGen      total 312832K, used 5854K [0x00000000e0000000, 0x00000000f7980000, 0x0000000100000000)
  eden space 244224K, 0% used [0x00000000e0000000,0x00000000e0000000,0x00000000eee80000)
  from space 68608K, 8% used [0x00000000f3680000,0x00000000f3c37b08,0x00000000f7980000)
  to   space 71168K, 0% used [0x00000000eee80000,0x00000000eee80000,0x00000000f3400000)
 ParOldGen       total 285184K, used 65642K [0x00000000a0000000, 0x00000000b1680000, 0x00000000e0000000)
  object space 285184K, 23% used [0x00000000a0000000,0x00000000a401ab18,0x00000000b1680000)
 Metaspace       used 100518K, capacity 104520K, committed 106008K, reserved 1142784K
  class space    used 12494K, capacity 13279K, committed 13592K, reserved 1048576K
}

