# JRE version: OpenJDK Runtime Environment (8.0_152-b01) (build 1.8.0_152-release-1248-b01)
# Java VM: OpenJDK 64-Bit Server VM (25.152-b01 mixed mode windows-amd64 compressed oops)
Heap:
 PSYoungGen      total 141824K, used 39584K [0x00000000e0000000, 0x00000000ea080000, 0x0000000100000000)
  eden space 125440K, 25% used [0x00000000e0000000,0x00000000e1ebafd8,0x00000000e7a80000)
  from space 16384K, 49% used [0x00000000e9080000,0x00000000e986d0d8,0x00000000ea080000)
  to   space 19456K, 0% used [0x00000000e7a80000,0x00000000e7a80000,0x00000000e8d80000)
 ParOldGen       total 213504K, used 33993K [0x00000000a0000000, 0x00000000ad080000, 0x00000000e0000000)
  object space 213504K, 15% used [0x00000000a0000000,0x00000000a2132558,0x00000000ad080000)
 Metaspace       used 67896K, capacity 70446K, committed 70704K, reserved 1110016K
  class space    used 9167K, capacity 9768K, committed 9776K, reserved 1048576K
GC Heap History (10 events):
Event: 6.022 GC heap before
{Heap before GC invocations=11 (full 2):
 PSYoungGen      total 112640K, used 112135K [0x00000000e0000000, 0x00000000e8a00000, 0x0000000100000000)
  eden space 99840K, 100% used [0x00000000e0000000,0x00000000e6180000,0x00000000e6180000)
  from space 12800K, 96% used [0x00000000e7d80000,0x00000000e8981ee8,0x00000000e8a00000)
  to   space 14336K, 0% used [0x00000000e6e00000,0x00000000e6e00000,0x00000000e7c00000)
 ParOldGen       total 140800K, used 18156K [0x00000000a0000000, 0x00000000a8980000, 0x00000000e0000000)
  object space 140800K, 12% used [0x00000000a0000000,0x00000000a11bb3b8,0x00000000a8980000)
 Metaspace       used 50736K, capacity 51882K, committed 52016K, reserved 1093632K
  class space    used 6844K, capacity 7206K, committed 7216K, reserved 1048576K
Event: 6.032 GC heap after
Heap after GC invocations=11 (full 2):
 PSYoungGen      total 126976K, used 14331K [0x00000000e0000000, 0x00000000e9380000, 0x0000000100000000)
  eden space 112640K, 0% used [0x00000000e0000000,0x00000000e0000000,0x00000000e6e00000)
  from space 14336K, 99% used [0x00000000e6e00000,0x00000000e7bfefb0,0x00000000e7c00000)
  to   space 16384K, 0% used [0x00000000e8380000,0x00000000e8380000,0x00000000e9380000)
 ParOldGen       total 140800K, used 19729K [0x00000000a0000000, 0x00000000a8980000, 0x00000000e0000000)
  object space 140800K, 14% used [0x00000000a0000000,0x00000000a1344630,0x00000000a8980000)
 Metaspace       used 50736K, capacity 51882K, committed 52016K, reserved 1093632K
  class space    used 6844K, capacity 7206K, committed 7216K, reserved 1048576K
}
Event: 6.908 GC heap before
{Heap before GC invocations=12 (full 2):
 PSYoungGen      total 126976K, used 105535K [0x00000000e0000000, 0x00000000e9380000, 0x0000000100000000)
  eden space 112640K, 80% used [0x00000000e0000000,0x00000000e5910e10,0x00000000e6e00000)
  from space 14336K, 99% used [0x00000000e6e00000,0x00000000e7bfefb0,0x00000000e7c00000)
  to   space 16384K, 0% used [0x00000000e8380000,0x00000000e8380000,0x00000000e9380000)
 ParOldGen       total 140800K, used 19729K [0x00000000a0000000, 0x00000000a8980000, 0x00000000e0000000)
  object space 140800K, 14% used [0x00000000a0000000,0x00000000a1344630,0x00000000a8980000)
 Metaspace       used 57553K, capacity 59054K, committed 59160K, reserved 1099776K
  class space    used 7889K, capacity 8300K, committed 8368K, reserved 1048576K
Event: 6.925 GC heap after
Heap after GC invocations=12 (full 2):
 PSYoungGen      total 131072K, used 16362K [0x00000000e0000000, 0x00000000eab00000, 0x0000000100000000)
  eden space 114688K, 0% used [0x00000000e0000000,0x00000000e0000000,0x00000000e7000000)
  from space 16384K, 99% used [0x00000000e8380000,0x00000000e937a988,0x00000000e9380000)
  to   space 19968K, 0% used [0x00000000e7000000,0x00000000e7000000,0x00000000e8380000)
 ParOldGen       total 140800K, used 23879K [0x00000000a0000000, 0x00000000a8980000, 0x00000000e0000000)
  object space 140800K, 16% used [0x00000000a0000000,0x00000000a1751e30,0x00000000a8980000)
 Metaspace       used 57553K, capacity 59054K, committed 59160K, reserved 1099776K
  class space    used 7889K, capacity 8300K, committed 8368K, reserved 1048576K
}
Event: 6.925 GC heap before
{Heap before GC invocations=13 (full 3):
 PSYoungGen      total 131072K, used 16362K [0x00000000e0000000, 0x00000000eab00000, 0x0000000100000000)
  eden space 114688K, 0% used [0x00000000e0000000,0x00000000e0000000,0x00000000e7000000)
  from space 16384K, 99% used [0x00000000e8380000,0x00000000e937a988,0x00000000e9380000)
  to   space 19968K, 0% used [0x00000000e7000000,0x00000000e7000000,0x00000000e8380000)
 ParOldGen       total 140800K, used 23879K [0x00000000a0000000, 0x00000000a8980000, 0x00000000e0000000)
  object space 140800K, 16% used [0x00000000a0000000,0x00000000a1751e30,0x00000000a8980000)
 Metaspace       used 57553K, capacity 59054K, committed 59160K, reserved 1099776K
  class space    used 7889K, capacity 8300K, committed 8368K, reserved 1048576K
Event: 7.137 GC heap after
Heap after GC invocations=13 (full 3):
 PSYoungGen      total 131072K, used 0K [0x00000000e0000000, 0x00000000eab00000, 0x0000000100000000)
  eden space 114688K, 0% used [0x00000000e0000000,0x00000000e0000000,0x00000000e7000000)
  from space 16384K, 0% used [0x00000000e8380000,0x00000000e8380000,0x00000000e9380000)
  to   space 19968K, 0% used [0x00000000e7000000,0x00000000e7000000,0x00000000e8380000)
 ParOldGen       total 213504K, used 33977K [0x00000000a0000000, 0x00000000ad080000, 0x00000000e0000000)
  object space 213504K, 15% used [0x00000000a0000000,0x00000000a212e558,0x00000000ad080000)
 Metaspace       used 57553K, capacity 59054K, committed 59160K, reserved 1099776K
  class space    used 7889K, capacity 8300K, committed 8368K, reserved 1048576K
}
Event: 10.568 GC heap before
{Heap before GC invocations=14 (full 3):
 PSYoungGen      total 131072K, used 114403K [0x00000000e0000000, 0x00000000eab00000, 0x0000000100000000)
  eden space 114688K, 99% used [0x00000000e0000000,0x00000000e6fb8f50,0x00000000e7000000)
  from space 16384K, 0% used [0x00000000e8380000,0x00000000e8380000,0x00000000e9380000)
  to   space 19968K, 0% used [0x00000000e7000000,0x00000000e7000000,0x00000000e8380000)
 ParOldGen       total 213504K, used 33977K [0x00000000a0000000, 0x00000000ad080000, 0x00000000e0000000)
  object space 213504K, 15% used [0x00000000a0000000,0x00000000a212e558,0x00000000ad080000)
 Metaspace       used 60607K, capacity 62782K, committed 63024K, reserved 1103872K
  class space    used 8365K, capacity 8890K, committed 9008K, reserved 1048576K
Event: 10.571 GC heap after
Heap after GC invocations=14 (full 3):
 PSYoungGen      total 134656K, used 4836K [0x00000000e0000000, 0x00000000ea400000, 0x0000000100000000)
  eden space 114688K, 0% used [0x00000000e0000000,0x00000000e0000000,0x00000000e7000000)
  from space 19968K, 24% used [0x00000000e7000000,0x00000000e74b9348,0x00000000e8380000)
  to   space 19968K, 0% used [0x00000000e9080000,0x00000000e9080000,0x00000000ea400000)
 ParOldGen       total 213504K, used 33985K [0x00000000a0000000, 0x00000000ad080000, 0x00000000e0000000)
  object space 213504K, 15% used [0x00000000a0000000,0x00000000a2130558,0x00000000ad080000)
 Metaspace       used 60607K, capacity 62782K, committed 63024K, reserved 1103872K
  class space    used 8365K, capacity 8890K, committed 9008K, reserved 1048576K
}
Event: 109.167 GC heap before
{Heap before GC invocations=15 (full 3):
 PSYoungGen      total 134656K, used 119524K [0x00000000e0000000, 0x00000000ea400000, 0x0000000100000000)
  eden space 114688K, 100% used [0x00000000e0000000,0x00000000e7000000,0x00000000e7000000)
  from space 19968K, 24% used [0x00000000e7000000,0x00000000e74b9348,0x00000000e8380000)
  to   space 19968K, 0% used [0x00000000e9080000,0x00000000e9080000,0x00000000ea400000)
 ParOldGen       total 213504K, used 33985K [0x00000000a0000000, 0x00000000ad080000, 0x00000000e0000000)
  object space 213504K, 15% used [0x00000000a0000000,0x00000000a2130558,0x00000000ad080000)
 Metaspace       used 66167K, capacity 68726K, committed 69040K, reserved 1107968K
  class space    used 8977K, capacity 9588K, committed 9648K, reserved 1048576K
Event: 109.174 GC heap after
Heap after GC invocations=15 (full 3):
 PSYoungGen      total 141824K, used 8116K [0x00000000e0000000, 0x00000000ea080000, 0x0000000100000000)
  eden space 125440K, 0% used [0x00000000e0000000,0x00000000e0000000,0x00000000e7a80000)
  from space 16384K, 49% used [0x00000000e9080000,0x00000000e986d0d8,0x00000000ea080000)
  to   space 19456K, 0% used [0x00000000e7a80000,0x00000000e7a80000,0x00000000e8d80000)
 ParOldGen       total 213504K, used 33993K [0x00000000a0000000, 0x00000000ad080000, 0x00000000e0000000)
  object space 213504K, 15% used [0x00000000a0000000,0x00000000a2132558,0x00000000ad080000)
 Metaspace       used 66167K, capacity 68726K, committed 69040K, reserved 1107968K
  class space    used 8977K, capacity 9588K, committed 9648K, reserved 1048576K
}

