# JRE version: OpenJDK Runtime Environment (8.0_152-b01) (build 1.8.0_152-release-1248-b01)
# Java VM: OpenJDK 64-Bit Server VM (25.152-b01 mixed mode windows-amd64 compressed oops)
Heap:
 PSYoungGen      total 473088K, used 200880K [0x00000000e0000000, 0x0000000100000000, 0x0000000100000000)
  eden space 425984K, 39% used [0x00000000e0000000,0x00000000ea244a10,0x00000000fa000000)
  from space 47104K, 73% used [0x00000000fa000000,0x00000000fc1e77b8,0x00000000fce00000)
  to   space 49664K, 0% used [0x00000000fcf80000,0x00000000fcf80000,0x0000000100000000)
 ParOldGen       total 246272K, used 144473K [0x00000000a0000000, 0x00000000af080000, 0x00000000e0000000)
  object space 246272K, 58% used [0x00000000a0000000,0x00000000a8d164f8,0x00000000af080000)
 Metaspace       used 142602K, capacity 152538K, committed 152752K, reserved 1183744K
  class space    used 17151K, capacity 18829K, committed 18864K, reserved 1048576K
GC Heap History (10 events):
Event: 30924.572 GC heap before
{Heap before GC invocations=288 (full 5):
 PSYoungGen      total 468992K, used 432427K [0x00000000e0000000, 0x00000000ffe00000, 0x0000000100000000)
  eden space 416768K, 99% used [0x00000000e0000000,0x00000000f96cc968,0x00000000f9700000)
  from space 52224K, 30% used [0x00000000fcb00000,0x00000000fda7e370,0x00000000ffe00000)
  to   space 52736K, 0% used [0x00000000f9700000,0x00000000f9700000,0x00000000fca80000)
 ParOldGen       total 246272K, used 144433K [0x00000000a0000000, 0x00000000af080000, 0x00000000e0000000)
  object space 246272K, 58% used [0x00000000a0000000,0x00000000a8d0c4f8,0x00000000af080000)
 Metaspace       used 142207K, capacity 152002K, committed 152240K, reserved 1183744K
  class space    used 17125K, capacity 18759K, committed 18864K, reserved 1048576K
Event: 30924.596 GC heap after
Heap after GC invocations=288 (full 5):
 PSYoungGen      total 469504K, used 20566K [0x00000000e0000000, 0x00000000ffc80000, 0x0000000100000000)
  eden space 416768K, 0% used [0x00000000e0000000,0x00000000e0000000,0x00000000f9700000)
  from space 52736K, 38% used [0x00000000f9700000,0x00000000fab15930,0x00000000fca80000)
  to   space 50688K, 0% used [0x00000000fcb00000,0x00000000fcb00000,0x00000000ffc80000)
 ParOldGen       total 246272K, used 144441K [0x00000000a0000000, 0x00000000af080000, 0x00000000e0000000)
  object space 246272K, 58% used [0x00000000a0000000,0x00000000a8d0e4f8,0x00000000af080000)
 Metaspace       used 142207K, capacity 152002K, committed 152240K, reserved 1183744K
  class space    used 17125K, capacity 18759K, committed 18864K, reserved 1048576K
}
Event: 30947.218 GC heap before
{Heap before GC invocations=289 (full 5):
 PSYoungGen      total 469504K, used 436418K [0x00000000e0000000, 0x00000000ffc80000, 0x0000000100000000)
  eden space 416768K, 99% used [0x00000000e0000000,0x00000000f961b2a8,0x00000000f9700000)
  from space 52736K, 38% used [0x00000000f9700000,0x00000000fab15930,0x00000000fca80000)
  to   space 50688K, 0% used [0x00000000fcb00000,0x00000000fcb00000,0x00000000ffc80000)
 ParOldGen       total 246272K, used 144441K [0x00000000a0000000, 0x00000000af080000, 0x00000000e0000000)
  object space 246272K, 58% used [0x00000000a0000000,0x00000000a8d0e4f8,0x00000000af080000)
 Metaspace       used 142313K, capacity 152138K, committed 152240K, reserved 1183744K
  class space    used 17133K, capacity 18797K, committed 18864K, reserved 1048576K
Event: 30947.234 GC heap after
Heap after GC invocations=289 (full 5):
 PSYoungGen      total 470528K, used 15874K [0x00000000e0000000, 0x00000000ffc00000, 0x0000000100000000)
  eden space 420352K, 0% used [0x00000000e0000000,0x00000000e0000000,0x00000000f9a80000)
  from space 50176K, 31% used [0x00000000fcb00000,0x00000000fda809b0,0x00000000ffc00000)
  to   space 49664K, 0% used [0x00000000f9a80000,0x00000000f9a80000,0x00000000fcb00000)
 ParOldGen       total 246272K, used 144449K [0x00000000a0000000, 0x00000000af080000, 0x00000000e0000000)
  object space 246272K, 58% used [0x00000000a0000000,0x00000000a8d104f8,0x00000000af080000)
 Metaspace       used 142313K, capacity 152138K, committed 152240K, reserved 1183744K
  class space    used 17133K, capacity 18797K, committed 18864K, reserved 1048576K
}
Event: 31059.492 GC heap before
{Heap before GC invocations=290 (full 5):
 PSYoungGen      total 470528K, used 436226K [0x00000000e0000000, 0x00000000ffc00000, 0x0000000100000000)
  eden space 420352K, 100% used [0x00000000e0000000,0x00000000f9a80000,0x00000000f9a80000)
  from space 50176K, 31% used [0x00000000fcb00000,0x00000000fda809b0,0x00000000ffc00000)
  to   space 49664K, 0% used [0x00000000f9a80000,0x00000000f9a80000,0x00000000fcb00000)
 ParOldGen       total 246272K, used 144449K [0x00000000a0000000, 0x00000000af080000, 0x00000000e0000000)
  object space 246272K, 58% used [0x00000000a0000000,0x00000000a8d104f8,0x00000000af080000)
 Metaspace       used 142437K, capacity 152400K, committed 152496K, reserved 1183744K
  class space    used 17150K, capacity 18828K, committed 18864K, reserved 1048576K
Event: 31059.504 GC heap after
Heap after GC invocations=290 (full 5):
 PSYoungGen      total 470016K, used 12474K [0x00000000e0000000, 0x00000000ffd80000, 0x0000000100000000)
  eden space 420352K, 0% used [0x00000000e0000000,0x00000000e0000000,0x00000000f9a80000)
  from space 49664K, 25% used [0x00000000f9a80000,0x00000000fa6ae8c0,0x00000000fcb00000)
  to   space 48640K, 0% used [0x00000000fce00000,0x00000000fce00000,0x00000000ffd80000)
 ParOldGen       total 246272K, used 144457K [0x00000000a0000000, 0x00000000af080000, 0x00000000e0000000)
  object space 246272K, 58% used [0x00000000a0000000,0x00000000a8d124f8,0x00000000af080000)
 Metaspace       used 142437K, capacity 152400K, committed 152496K, reserved 1183744K
  class space    used 17150K, capacity 18828K, committed 18864K, reserved 1048576K
}
Event: 31067.951 GC heap before
{Heap before GC invocations=291 (full 5):
 PSYoungGen      total 470016K, used 432826K [0x00000000e0000000, 0x00000000ffd80000, 0x0000000100000000)
  eden space 420352K, 100% used [0x00000000e0000000,0x00000000f9a80000,0x00000000f9a80000)
  from space 49664K, 25% used [0x00000000f9a80000,0x00000000fa6ae8c0,0x00000000fcb00000)
  to   space 48640K, 0% used [0x00000000fce00000,0x00000000fce00000,0x00000000ffd80000)
 ParOldGen       total 246272K, used 144457K [0x00000000a0000000, 0x00000000af080000, 0x00000000e0000000)
  object space 246272K, 58% used [0x00000000a0000000,0x00000000a8d124f8,0x00000000af080000)
 Metaspace       used 142499K, capacity 152400K, committed 152496K, reserved 1183744K
  class space    used 17150K, capacity 18828K, committed 18864K, reserved 1048576K
Event: 31067.974 GC heap after
Heap after GC invocations=291 (full 5):
 PSYoungGen      total 473088K, used 16124K [0x00000000e0000000, 0x00000000ffc00000, 0x0000000100000000)
  eden space 425984K, 0% used [0x00000000e0000000,0x00000000e0000000,0x00000000fa000000)
  from space 47104K, 34% used [0x00000000fce00000,0x00000000fddbf310,0x00000000ffc00000)
  to   space 47104K, 0% used [0x00000000fa000000,0x00000000fa000000,0x00000000fce00000)
 ParOldGen       total 246272K, used 144465K [0x00000000a0000000, 0x00000000af080000, 0x00000000e0000000)
  object space 246272K, 58% used [0x00000000a0000000,0x00000000a8d144f8,0x00000000af080000)
 Metaspace       used 142499K, capacity 152400K, committed 152496K, reserved 1183744K
  class space    used 17150K, capacity 18828K, committed 18864K, reserved 1048576K
}
Event: 31079.074 GC heap before
{Heap before GC invocations=292 (full 5):
 PSYoungGen      total 473088K, used 442041K [0x00000000e0000000, 0x00000000ffc00000, 0x0000000100000000)
  eden space 425984K, 99% used [0x00000000e0000000,0x00000000f9fef1b8,0x00000000fa000000)
  from space 47104K, 34% used [0x00000000fce00000,0x00000000fddbf310,0x00000000ffc00000)
  to   space 47104K, 0% used [0x00000000fa000000,0x00000000fa000000,0x00000000fce00000)
 ParOldGen       total 246272K, used 144465K [0x00000000a0000000, 0x00000000af080000, 0x00000000e0000000)
  object space 246272K, 58% used [0x00000000a0000000,0x00000000a8d144f8,0x00000000af080000)
 Metaspace       used 142587K, capacity 152532K, committed 152752K, reserved 1183744K
  class space    used 17150K, capacity 18828K, committed 18864K, reserved 1048576K
Event: 31079.112 GC heap after
Heap after GC invocations=292 (full 5):
 PSYoungGen      total 473088K, used 34717K [0x00000000e0000000, 0x0000000100000000, 0x0000000100000000)
  eden space 425984K, 0% used [0x00000000e0000000,0x00000000e0000000,0x00000000fa000000)
  from space 47104K, 73% used [0x00000000fa000000,0x00000000fc1e77b8,0x00000000fce00000)
  to   space 49664K, 0% used [0x00000000fcf80000,0x00000000fcf80000,0x0000000100000000)
 ParOldGen       total 246272K, used 144473K [0x00000000a0000000, 0x00000000af080000, 0x00000000e0000000)
  object space 246272K, 58% used [0x00000000a0000000,0x00000000a8d164f8,0x00000000af080000)
 Metaspace       used 142587K, capacity 152532K, committed 152752K, reserved 1183744K
  class space    used 17150K, capacity 18828K, committed 18864K, reserved 1048576K
}

