# JRE version: OpenJDK Runtime Environment (8.0_152-b01) (build 1.8.0_152-release-1248-b01)
# Java VM: OpenJDK 64-Bit Server VM (25.152-b01 mixed mode windows-amd64 compressed oops)
Heap:
 PSYoungGen      total 289792K, used 268125K [0x00000000e0000000, 0x00000000f3780000, 0x0000000100000000)
  eden space 267776K, 91% used [0x00000000e0000000,0x00000000ef05b028,0x00000000f0580000)
  from space 22016K, 99% used [0x00000000f2180000,0x00000000f36fc7a0,0x00000000f3700000)
  to   space 25600K, 0% used [0x00000000f0580000,0x00000000f0580000,0x00000000f1e80000)
 ParOldGen       total 172544K, used 36692K [0x00000000a0000000, 0x00000000aa880000, 0x00000000e0000000)
  object space 172544K, 21% used [0x00000000a0000000,0x00000000a23d50f0,0x00000000aa880000)
 Metaspace       used 85128K, capacity 88962K, committed 89088K, reserved 1126400K
  class space    used 11158K, capacity 11912K, committed 12032K, reserved 1048576K
GC Heap History (10 events):
Event: 12.521 GC heap before
{Heap before GC invocations=9 (full 2):
 PSYoungGen      total 163328K, used 151552K [0x00000000e0000000, 0x00000000eb100000, 0x0000000100000000)
  eden space 151552K, 100% used [0x00000000e0000000,0x00000000e9400000,0x00000000e9400000)
  from space 11776K, 0% used [0x00000000ea580000,0x00000000ea580000,0x00000000eb100000)
  to   space 13312K, 0% used [0x00000000e9700000,0x00000000e9700000,0x00000000ea400000)
 ParOldGen       total 115200K, used 18913K [0x00000000a0000000, 0x00000000a7080000, 0x00000000e0000000)
  object space 115200K, 16% used [0x00000000a0000000,0x00000000a12785d0,0x00000000a7080000)
 Metaspace       used 47622K, capacity 48334K, committed 48512K, reserved 1091584K
  class space    used 6437K, capacity 6706K, committed 6784K, reserved 1048576K
Event: 12.532 GC heap after
Heap after GC invocations=9 (full 2):
 PSYoungGen      total 167936K, used 13293K [0x00000000e0000000, 0x00000000f0e80000, 0x0000000100000000)
  eden space 154624K, 0% used [0x00000000e0000000,0x00000000e0000000,0x00000000e9700000)
  from space 13312K, 99% used [0x00000000e9700000,0x00000000ea3fb4c0,0x00000000ea400000)
  to   space 17408K, 0% used [0x00000000efd80000,0x00000000efd80000,0x00000000f0e80000)
 ParOldGen       total 115200K, used 23564K [0x00000000a0000000, 0x00000000a7080000, 0x00000000e0000000)
  object space 115200K, 20% used [0x00000000a0000000,0x00000000a1703190,0x00000000a7080000)
 Metaspace       used 47622K, capacity 48334K, committed 48512K, reserved 1091584K
  class space    used 6437K, capacity 6706K, committed 6784K, reserved 1048576K
}
Event: 13.867 GC heap before
{Heap before GC invocations=10 (full 2):
 PSYoungGen      total 167936K, used 125289K [0x00000000e0000000, 0x00000000f0e80000, 0x0000000100000000)
  eden space 154624K, 72% used [0x00000000e0000000,0x00000000e6d5f268,0x00000000e9700000)
  from space 13312K, 99% used [0x00000000e9700000,0x00000000ea3fb4c0,0x00000000ea400000)
  to   space 17408K, 0% used [0x00000000efd80000,0x00000000efd80000,0x00000000f0e80000)
 ParOldGen       total 115200K, used 23564K [0x00000000a0000000, 0x00000000a7080000, 0x00000000e0000000)
  object space 115200K, 20% used [0x00000000a0000000,0x00000000a1703190,0x00000000a7080000)
 Metaspace       used 57650K, capacity 58956K, committed 59028K, reserved 1099776K
  class space    used 7768K, capacity 8137K, committed 8192K, reserved 1048576K
Event: 13.892 GC heap after
Heap after GC invocations=10 (full 2):
 PSYoungGen      total 255488K, used 17396K [0x00000000e0000000, 0x00000000f2180000, 0x0000000100000000)
  eden space 238080K, 0% used [0x00000000e0000000,0x00000000e0000000,0x00000000ee880000)
  from space 17408K, 99% used [0x00000000efd80000,0x00000000f0e7d120,0x00000000f0e80000)
  to   space 21504K, 0% used [0x00000000ee880000,0x00000000ee880000,0x00000000efd80000)
 ParOldGen       total 115200K, used 27960K [0x00000000a0000000, 0x00000000a7080000, 0x00000000e0000000)
  object space 115200K, 24% used [0x00000000a0000000,0x00000000a1b4e188,0x00000000a7080000)
 Metaspace       used 57650K, capacity 58956K, committed 59028K, reserved 1099776K
  class space    used 7768K, capacity 8137K, committed 8192K, reserved 1048576K
}
Event: 13.892 GC heap before
{Heap before GC invocations=11 (full 3):
 PSYoungGen      total 255488K, used 17396K [0x00000000e0000000, 0x00000000f2180000, 0x0000000100000000)
  eden space 238080K, 0% used [0x00000000e0000000,0x00000000e0000000,0x00000000ee880000)
  from space 17408K, 99% used [0x00000000efd80000,0x00000000f0e7d120,0x00000000f0e80000)
  to   space 21504K, 0% used [0x00000000ee880000,0x00000000ee880000,0x00000000efd80000)
 ParOldGen       total 115200K, used 27960K [0x00000000a0000000, 0x00000000a7080000, 0x00000000e0000000)
  object space 115200K, 24% used [0x00000000a0000000,0x00000000a1b4e188,0x00000000a7080000)
 Metaspace       used 57650K, capacity 58956K, committed 59028K, reserved 1099776K
  class space    used 7768K, capacity 8137K, committed 8192K, reserved 1048576K
Event: 14.087 GC heap after
Heap after GC invocations=11 (full 3):
 PSYoungGen      total 255488K, used 0K [0x00000000e0000000, 0x00000000f2180000, 0x0000000100000000)
  eden space 238080K, 0% used [0x00000000e0000000,0x00000000e0000000,0x00000000ee880000)
  from space 17408K, 0% used [0x00000000efd80000,0x00000000efd80000,0x00000000f0e80000)
  to   space 21504K, 0% used [0x00000000ee880000,0x00000000ee880000,0x00000000efd80000)
 ParOldGen       total 172544K, used 34875K [0x00000000a0000000, 0x00000000aa880000, 0x00000000e0000000)
  object space 172544K, 20% used [0x00000000a0000000,0x00000000a220eef8,0x00000000aa880000)
 Metaspace       used 57650K, capacity 58956K, committed 59028K, reserved 1099776K
  class space    used 7768K, capacity 8137K, committed 8192K, reserved 1048576K
}
Event: 53.742 GC heap before
{Heap before GC invocations=12 (full 3):
 PSYoungGen      total 255488K, used 238080K [0x00000000e0000000, 0x00000000f2180000, 0x0000000100000000)
  eden space 238080K, 100% used [0x00000000e0000000,0x00000000ee880000,0x00000000ee880000)
  from space 17408K, 0% used [0x00000000efd80000,0x00000000efd80000,0x00000000f0e80000)
  to   space 21504K, 0% used [0x00000000ee880000,0x00000000ee880000,0x00000000efd80000)
 ParOldGen       total 172544K, used 34875K [0x00000000a0000000, 0x00000000aa880000, 0x00000000e0000000)
  object space 172544K, 20% used [0x00000000a0000000,0x00000000a220eef8,0x00000000aa880000)
 Metaspace       used 69480K, capacity 71304K, committed 71552K, reserved 1112064K
  class space    used 9098K, capacity 9569K, committed 9600K, reserved 1048576K
Event: 53.758 GC heap after
Heap after GC invocations=12 (full 3):
 PSYoungGen      total 259584K, used 15451K [0x00000000e0000000, 0x00000000f3700000, 0x0000000100000000)
  eden space 238080K, 0% used [0x00000000e0000000,0x00000000e0000000,0x00000000ee880000)
  from space 21504K, 71% used [0x00000000ee880000,0x00000000ef796ef8,0x00000000efd80000)
  to   space 22016K, 0% used [0x00000000f2180000,0x00000000f2180000,0x00000000f3700000)
 ParOldGen       total 172544K, used 34883K [0x00000000a0000000, 0x00000000aa880000, 0x00000000e0000000)
  object space 172544K, 20% used [0x00000000a0000000,0x00000000a2210ef8,0x00000000aa880000)
 Metaspace       used 69480K, capacity 71304K, committed 71552K, reserved 1112064K
  class space    used 9098K, capacity 9569K, committed 9600K, reserved 1048576K
}
Event: 89.846 GC heap before
{Heap before GC invocations=13 (full 3):
 PSYoungGen      total 259584K, used 253531K [0x00000000e0000000, 0x00000000f3700000, 0x0000000100000000)
  eden space 238080K, 100% used [0x00000000e0000000,0x00000000ee880000,0x00000000ee880000)
  from space 21504K, 71% used [0x00000000ee880000,0x00000000ef796ef8,0x00000000efd80000)
  to   space 22016K, 0% used [0x00000000f2180000,0x00000000f2180000,0x00000000f3700000)
 ParOldGen       total 172544K, used 34883K [0x00000000a0000000, 0x00000000aa880000, 0x00000000e0000000)
  object space 172544K, 20% used [0x00000000a0000000,0x00000000a2210ef8,0x00000000aa880000)
 Metaspace       used 83996K, capacity 87826K, committed 87936K, reserved 1126400K
  class space    used 11123K, capacity 11898K, committed 11904K, reserved 1048576K
Event: 89.868 GC heap after
Heap after GC invocations=13 (full 3):
 PSYoungGen      total 289792K, used 22001K [0x00000000e0000000, 0x00000000f3780000, 0x0000000100000000)
  eden space 267776K, 0% used [0x00000000e0000000,0x00000000e0000000,0x00000000f0580000)
  from space 22016K, 99% used [0x00000000f2180000,0x00000000f36fc7a0,0x00000000f3700000)
  to   space 25600K, 0% used [0x00000000f0580000,0x00000000f0580000,0x00000000f1e80000)
 ParOldGen       total 172544K, used 36692K [0x00000000a0000000, 0x00000000aa880000, 0x00000000e0000000)
  object space 172544K, 21% used [0x00000000a0000000,0x00000000a23d50f0,0x00000000aa880000)
 Metaspace       used 83996K, capacity 87826K, committed 87936K, reserved 1126400K
  class space    used 11123K, capacity 11898K, committed 11904K, reserved 1048576K
}

