# JRE version: OpenJDK Runtime Environment (8.0_152-b01) (build 1.8.0_152-release-1248-b01)
# Java VM: OpenJDK 64-Bit Server VM (25.152-b01 mixed mode windows-amd64 compressed oops)
Heap:
 PSYoungGen      total 161280K, used 65086K [0x00000000e0000000, 0x00000000eb300000, 0x0000000100000000)
  eden space 140288K, 36% used [0x00000000e0000000,0x00000000e32195f8,0x00000000e8900000)
  from space 20992K, 65% used [0x00000000e9d80000,0x00000000eaaf6568,0x00000000eb200000)
  to   space 20992K, 0% used [0x00000000e8900000,0x00000000e8900000,0x00000000e9d80000)
 ParOldGen       total 134656K, used 33428K [0x00000000a0000000, 0x00000000a8380000, 0x00000000e0000000)
  object space 134656K, 24% used [0x00000000a0000000,0x00000000a20a53d0,0x00000000a8380000)
 Metaspace       used 76475K, capacity 79728K, committed 79792K, reserved 1118208K
  class space    used 10254K, capacity 10927K, committed 10928K, reserved 1048576K
GC Heap History (10 events):
Event: 6.146 GC heap before
{Heap before GC invocations=11 (full 2):
 PSYoungGen      total 118784K, used 118709K [0x00000000e0000000, 0x00000000e9680000, 0x0000000100000000)
  eden space 105984K, 100% used [0x00000000e0000000,0x00000000e6780000,0x00000000e6780000)
  from space 12800K, 99% used [0x00000000e8a00000,0x00000000e966d4f0,0x00000000e9680000)
  to   space 14336K, 0% used [0x00000000e7a80000,0x00000000e7a80000,0x00000000e8880000)
 ParOldGen       total 134656K, used 18209K [0x00000000a0000000, 0x00000000a8380000, 0x00000000e0000000)
  object space 134656K, 13% used [0x00000000a0000000,0x00000000a11c8708,0x00000000a8380000)
 Metaspace       used 51162K, capacity 52324K, committed 52400K, reserved 1093632K
  class space    used 6923K, capacity 7269K, committed 7344K, reserved 1048576K
Event: 6.154 GC heap after
Heap after GC invocations=11 (full 2):
 PSYoungGen      total 139776K, used 14335K [0x00000000e0000000, 0x00000000e9c80000, 0x0000000100000000)
  eden space 125440K, 0% used [0x00000000e0000000,0x00000000e0000000,0x00000000e7a80000)
  from space 14336K, 99% used [0x00000000e7a80000,0x00000000e887fec8,0x00000000e8880000)
  to   space 16896K, 0% used [0x00000000e8c00000,0x00000000e8c00000,0x00000000e9c80000)
 ParOldGen       total 134656K, used 20457K [0x00000000a0000000, 0x00000000a8380000, 0x00000000e0000000)
  object space 134656K, 15% used [0x00000000a0000000,0x00000000a13fa480,0x00000000a8380000)
 Metaspace       used 51162K, capacity 52324K, committed 52400K, reserved 1093632K
  class space    used 6923K, capacity 7269K, committed 7344K, reserved 1048576K
}
Event: 6.907 GC heap before
{Heap before GC invocations=12 (full 2):
 PSYoungGen      total 139776K, used 98151K [0x00000000e0000000, 0x00000000e9c80000, 0x0000000100000000)
  eden space 125440K, 66% used [0x00000000e0000000,0x00000000e51d9da0,0x00000000e7a80000)
  from space 14336K, 99% used [0x00000000e7a80000,0x00000000e887fec8,0x00000000e8880000)
  to   space 16896K, 0% used [0x00000000e8c00000,0x00000000e8c00000,0x00000000e9c80000)
 ParOldGen       total 134656K, used 20457K [0x00000000a0000000, 0x00000000a8380000, 0x00000000e0000000)
  object space 134656K, 15% used [0x00000000a0000000,0x00000000a13fa480,0x00000000a8380000)
 Metaspace       used 57528K, capacity 59042K, committed 59160K, reserved 1099776K
  class space    used 7891K, capacity 8300K, committed 8368K, reserved 1048576K
Event: 6.917 GC heap after
Heap after GC invocations=12 (full 2):
 PSYoungGen      total 140288K, used 16878K [0x00000000e0000000, 0x00000000eb900000, 0x0000000100000000)
  eden space 123392K, 0% used [0x00000000e0000000,0x00000000e0000000,0x00000000e7880000)
  from space 16896K, 99% used [0x00000000e8c00000,0x00000000e9c7bb38,0x00000000e9c80000)
  to   space 19968K, 0% used [0x00000000e7880000,0x00000000e7880000,0x00000000e8c00000)
 ParOldGen       total 134656K, used 23515K [0x00000000a0000000, 0x00000000a8380000, 0x00000000e0000000)
  object space 134656K, 17% used [0x00000000a0000000,0x00000000a16f6e68,0x00000000a8380000)
 Metaspace       used 57528K, capacity 59042K, committed 59160K, reserved 1099776K
  class space    used 7891K, capacity 8300K, committed 8368K, reserved 1048576K
}
Event: 6.917 GC heap before
{Heap before GC invocations=13 (full 3):
 PSYoungGen      total 140288K, used 16878K [0x00000000e0000000, 0x00000000eb900000, 0x0000000100000000)
  eden space 123392K, 0% used [0x00000000e0000000,0x00000000e0000000,0x00000000e7880000)
  from space 16896K, 99% used [0x00000000e8c00000,0x00000000e9c7bb38,0x00000000e9c80000)
  to   space 19968K, 0% used [0x00000000e7880000,0x00000000e7880000,0x00000000e8c00000)
 ParOldGen       total 134656K, used 23515K [0x00000000a0000000, 0x00000000a8380000, 0x00000000e0000000)
  object space 134656K, 17% used [0x00000000a0000000,0x00000000a16f6e68,0x00000000a8380000)
 Metaspace       used 57528K, capacity 59042K, committed 59160K, reserved 1099776K
  class space    used 7891K, capacity 8300K, committed 8368K, reserved 1048576K
Event: 7.089 GC heap after
Heap after GC invocations=13 (full 3):
 PSYoungGen      total 140288K, used 0K [0x00000000e0000000, 0x00000000eb900000, 0x0000000100000000)
  eden space 123392K, 0% used [0x00000000e0000000,0x00000000e0000000,0x00000000e7880000)
  from space 16896K, 0% used [0x00000000e8c00000,0x00000000e8c00000,0x00000000e9c80000)
  to   space 19968K, 0% used [0x00000000e7880000,0x00000000e7880000,0x00000000e8c00000)
 ParOldGen       total 134656K, used 33412K [0x00000000a0000000, 0x00000000a8380000, 0x00000000e0000000)
  object space 134656K, 24% used [0x00000000a0000000,0x00000000a20a13d0,0x00000000a8380000)
 Metaspace       used 57528K, capacity 59042K, committed 59160K, reserved 1099776K
  class space    used 7891K, capacity 8300K, committed 8368K, reserved 1048576K
}
Event: 9.316 GC heap before
{Heap before GC invocations=14 (full 3):
 PSYoungGen      total 140288K, used 123392K [0x00000000e0000000, 0x00000000eb900000, 0x0000000100000000)
  eden space 123392K, 100% used [0x00000000e0000000,0x00000000e7880000,0x00000000e7880000)
  from space 16896K, 0% used [0x00000000e8c00000,0x00000000e8c00000,0x00000000e9c80000)
  to   space 19968K, 0% used [0x00000000e7880000,0x00000000e7880000,0x00000000e8c00000)
 ParOldGen       total 134656K, used 33412K [0x00000000a0000000, 0x00000000a8380000, 0x00000000e0000000)
  object space 134656K, 24% used [0x00000000a0000000,0x00000000a20a13d0,0x00000000a8380000)
 Metaspace       used 67223K, capacity 69354K, committed 69552K, reserved 1110016K
  class space    used 9060K, capacity 9542K, committed 9648K, reserved 1048576K
Event: 9.338 GC heap after
Heap after GC invocations=14 (full 3):
 PSYoungGen      total 143360K, used 15282K [0x00000000e0000000, 0x00000000eb200000, 0x0000000100000000)
  eden space 123392K, 0% used [0x00000000e0000000,0x00000000e0000000,0x00000000e7880000)
  from space 19968K, 76% used [0x00000000e7880000,0x00000000e876c9d0,0x00000000e8c00000)
  to   space 20992K, 0% used [0x00000000e9d80000,0x00000000e9d80000,0x00000000eb200000)
 ParOldGen       total 134656K, used 33420K [0x00000000a0000000, 0x00000000a8380000, 0x00000000e0000000)
  object space 134656K, 24% used [0x00000000a0000000,0x00000000a20a33d0,0x00000000a8380000)
 Metaspace       used 67223K, capacity 69354K, committed 69552K, reserved 1110016K
  class space    used 9060K, capacity 9542K, committed 9648K, reserved 1048576K
}
Event: 10.601 GC heap before
{Heap before GC invocations=15 (full 3):
 PSYoungGen      total 143360K, used 138674K [0x00000000e0000000, 0x00000000eb200000, 0x0000000100000000)
  eden space 123392K, 100% used [0x00000000e0000000,0x00000000e7880000,0x00000000e7880000)
  from space 19968K, 76% used [0x00000000e7880000,0x00000000e876c9d0,0x00000000e8c00000)
  to   space 20992K, 0% used [0x00000000e9d80000,0x00000000e9d80000,0x00000000eb200000)
 ParOldGen       total 134656K, used 33420K [0x00000000a0000000, 0x00000000a8380000, 0x00000000e0000000)
  object space 134656K, 24% used [0x00000000a0000000,0x00000000a20a33d0,0x00000000a8380000)
 Metaspace       used 76014K, capacity 79262K, committed 79280K, reserved 1118208K
  class space    used 10245K, capacity 10926K, committed 10928K, reserved 1048576K
Event: 10.622 GC heap after
Heap after GC invocations=15 (full 3):
 PSYoungGen      total 161280K, used 13785K [0x00000000e0000000, 0x00000000eb300000, 0x0000000100000000)
  eden space 140288K, 0% used [0x00000000e0000000,0x00000000e0000000,0x00000000e8900000)
  from space 20992K, 65% used [0x00000000e9d80000,0x00000000eaaf6568,0x00000000eb200000)
  to   space 20992K, 0% used [0x00000000e8900000,0x00000000e8900000,0x00000000e9d80000)
 ParOldGen       total 134656K, used 33428K [0x00000000a0000000, 0x00000000a8380000, 0x00000000e0000000)
  object space 134656K, 24% used [0x00000000a0000000,0x00000000a20a53d0,0x00000000a8380000)
 Metaspace       used 76014K, capacity 79262K, committed 79280K, reserved 1118208K
  class space    used 10245K, capacity 10926K, committed 10928K, reserved 1048576K
}

