# JRE version: OpenJDK Runtime Environment (8.0_152-b01) (build 1.8.0_152-release-1248-b01)
# Java VM: OpenJDK 64-Bit Server VM (25.152-b01 mixed mode windows-amd64 compressed oops)
Heap:
 PSYoungGen      total 225280K, used 79073K [0x00000000e0000000, 0x00000000ef980000, 0x0000000100000000)
  eden space 207360K, 38% used [0x00000000e0000000,0x00000000e4d386a8,0x00000000eca80000)
  from space 17920K, 0% used [0x00000000ee000000,0x00000000ee000000,0x00000000ef180000)
  to   space 22016K, 0% used [0x00000000eca80000,0x00000000eca80000,0x00000000ee000000)
 ParOldGen       total 131584K, used 35462K [0x00000000a0000000, 0x00000000a8080000, 0x00000000e0000000)
  object space 131584K, 26% used [0x00000000a0000000,0x00000000a22a1a78,0x00000000a8080000)
 Metaspace       used 61599K, capacity 63276K, committed 63536K, reserved 1103872K
  class space    used 8213K, capacity 8651K, committed 8752K, reserved 1048576K
GC Heap History (10 events):
Event: 4.194 GC heap before
{Heap before GC invocations=7 (full 1):
 PSYoungGen      total 105984K, used 76618K [0x00000000e0000000, 0x00000000eb480000, 0x0000000100000000)
  eden space 98304K, 70% used [0x00000000e0000000,0x00000000e4354360,0x00000000e6000000)
  from space 7680K, 99% used [0x00000000e6000000,0x00000000e677e5f0,0x00000000e6780000)
  to   space 12288K, 0% used [0x00000000ea880000,0x00000000ea880000,0x00000000eb480000)
 ParOldGen       total 77824K, used 10412K [0x00000000a0000000, 0x00000000a4c00000, 0x00000000e0000000)
  object space 77824K, 13% used [0x00000000a0000000,0x00000000a0a2b3c0,0x00000000a4c00000)
 Metaspace       used 34839K, capacity 35358K, committed 35496K, reserved 1079296K
  class space    used 4855K, capacity 5097K, committed 5168K, reserved 1048576K
Event: 4.201 GC heap after
Heap after GC invocations=7 (full 1):
 PSYoungGen      total 171008K, used 11716K [0x00000000e0000000, 0x00000000eb500000, 0x0000000100000000)
  eden space 158720K, 0% used [0x00000000e0000000,0x00000000e0000000,0x00000000e9b00000)
  from space 12288K, 95% used [0x00000000ea880000,0x00000000eb3f1188,0x00000000eb480000)
  to   space 13312K, 0% used [0x00000000e9b00000,0x00000000e9b00000,0x00000000ea800000)
 ParOldGen       total 77824K, used 10420K [0x00000000a0000000, 0x00000000a4c00000, 0x00000000e0000000)
  object space 77824K, 13% used [0x00000000a0000000,0x00000000a0a2d3c0,0x00000000a4c00000)
 Metaspace       used 34839K, capacity 35358K, committed 35496K, reserved 1079296K
  class space    used 4855K, capacity 5097K, committed 5168K, reserved 1048576K
}
Event: 4.201 GC heap before
{Heap before GC invocations=8 (full 2):
 PSYoungGen      total 171008K, used 11716K [0x00000000e0000000, 0x00000000eb500000, 0x0000000100000000)
  eden space 158720K, 0% used [0x00000000e0000000,0x00000000e0000000,0x00000000e9b00000)
  from space 12288K, 95% used [0x00000000ea880000,0x00000000eb3f1188,0x00000000eb480000)
  to   space 13312K, 0% used [0x00000000e9b00000,0x00000000e9b00000,0x00000000ea800000)
 ParOldGen       total 77824K, used 10420K [0x00000000a0000000, 0x00000000a4c00000, 0x00000000e0000000)
  object space 77824K, 13% used [0x00000000a0000000,0x00000000a0a2d3c0,0x00000000a4c00000)
 Metaspace       used 34839K, capacity 35358K, committed 35496K, reserved 1079296K
  class space    used 4855K, capacity 5097K, committed 5168K, reserved 1048576K
Event: 4.265 GC heap after
Heap after GC invocations=8 (full 2):
 PSYoungGen      total 171008K, used 0K [0x00000000e0000000, 0x00000000eb500000, 0x0000000100000000)
  eden space 158720K, 0% used [0x00000000e0000000,0x00000000e0000000,0x00000000e9b00000)
  from space 12288K, 0% used [0x00000000ea880000,0x00000000ea880000,0x00000000eb480000)
  to   space 13312K, 0% used [0x00000000e9b00000,0x00000000e9b00000,0x00000000ea800000)
 ParOldGen       total 131584K, used 18305K [0x00000000a0000000, 0x00000000a8080000, 0x00000000e0000000)
  object space 131584K, 13% used [0x00000000a0000000,0x00000000a11e0670,0x00000000a8080000)
 Metaspace       used 34839K, capacity 35358K, committed 35496K, reserved 1079296K
  class space    used 4855K, capacity 5097K, committed 5168K, reserved 1048576K
}
Event: 5.611 GC heap before
{Heap before GC invocations=9 (full 2):
 PSYoungGen      total 171008K, used 158720K [0x00000000e0000000, 0x00000000eb500000, 0x0000000100000000)
  eden space 158720K, 100% used [0x00000000e0000000,0x00000000e9b00000,0x00000000e9b00000)
  from space 12288K, 0% used [0x00000000ea880000,0x00000000ea880000,0x00000000eb480000)
  to   space 13312K, 0% used [0x00000000e9b00000,0x00000000e9b00000,0x00000000ea800000)
 ParOldGen       total 131584K, used 18305K [0x00000000a0000000, 0x00000000a8080000, 0x00000000e0000000)
  object space 131584K, 13% used [0x00000000a0000000,0x00000000a11e0670,0x00000000a8080000)
 Metaspace       used 48874K, capacity 49754K, committed 49968K, reserved 1091584K
  class space    used 6569K, capacity 6876K, committed 6960K, reserved 1048576K
Event: 5.623 GC heap after
Heap after GC invocations=9 (full 2):
 PSYoungGen      total 172032K, used 13287K [0x00000000e0000000, 0x00000000ef180000, 0x0000000100000000)
  eden space 158720K, 0% used [0x00000000e0000000,0x00000000e0000000,0x00000000e9b00000)
  from space 13312K, 99% used [0x00000000e9b00000,0x00000000ea7f9ec8,0x00000000ea800000)
  to   space 17920K, 0% used [0x00000000ee000000,0x00000000ee000000,0x00000000ef180000)
 ParOldGen       total 131584K, used 23981K [0x00000000a0000000, 0x00000000a8080000, 0x00000000e0000000)
  object space 131584K, 18% used [0x00000000a0000000,0x00000000a176b4e8,0x00000000a8080000)
 Metaspace       used 48874K, capacity 49754K, committed 49968K, reserved 1091584K
  class space    used 6569K, capacity 6876K, committed 6960K, reserved 1048576K
}
Event: 6.578 GC heap before
{Heap before GC invocations=10 (full 2):
 PSYoungGen      total 172032K, used 120723K [0x00000000e0000000, 0x00000000ef180000, 0x0000000100000000)
  eden space 158720K, 67% used [0x00000000e0000000,0x00000000e68eb100,0x00000000e9b00000)
  from space 13312K, 99% used [0x00000000e9b00000,0x00000000ea7f9ec8,0x00000000ea800000)
  to   space 17920K, 0% used [0x00000000ee000000,0x00000000ee000000,0x00000000ef180000)
 ParOldGen       total 131584K, used 23981K [0x00000000a0000000, 0x00000000a8080000, 0x00000000e0000000)
  object space 131584K, 18% used [0x00000000a0000000,0x00000000a176b4e8,0x00000000a8080000)
 Metaspace       used 57551K, capacity 59054K, committed 59160K, reserved 1099776K
  class space    used 7894K, capacity 8300K, committed 8368K, reserved 1048576K
Event: 6.591 GC heap after
Heap after GC invocations=10 (full 2):
 PSYoungGen      total 225280K, used 17891K [0x00000000e0000000, 0x00000000ef980000, 0x0000000100000000)
  eden space 207360K, 0% used [0x00000000e0000000,0x00000000e0000000,0x00000000eca80000)
  from space 17920K, 99% used [0x00000000ee000000,0x00000000ef178d58,0x00000000ef180000)
  to   space 22016K, 0% used [0x00000000eca80000,0x00000000eca80000,0x00000000ee000000)
 ParOldGen       total 131584K, used 28159K [0x00000000a0000000, 0x00000000a8080000, 0x00000000e0000000)
  object space 131584K, 21% used [0x00000000a0000000,0x00000000a1b7fd40,0x00000000a8080000)
 Metaspace       used 57551K, capacity 59054K, committed 59160K, reserved 1099776K
  class space    used 7894K, capacity 8300K, committed 8368K, reserved 1048576K
}
Event: 6.591 GC heap before
{Heap before GC invocations=11 (full 3):
 PSYoungGen      total 225280K, used 17891K [0x00000000e0000000, 0x00000000ef980000, 0x0000000100000000)
  eden space 207360K, 0% used [0x00000000e0000000,0x00000000e0000000,0x00000000eca80000)
  from space 17920K, 99% used [0x00000000ee000000,0x00000000ef178d58,0x00000000ef180000)
  to   space 22016K, 0% used [0x00000000eca80000,0x00000000eca80000,0x00000000ee000000)
 ParOldGen       total 131584K, used 28159K [0x00000000a0000000, 0x00000000a8080000, 0x00000000e0000000)
  object space 131584K, 21% used [0x00000000a0000000,0x00000000a1b7fd40,0x00000000a8080000)
 Metaspace       used 57551K, capacity 59054K, committed 59160K, reserved 1099776K
  class space    used 7894K, capacity 8300K, committed 8368K, reserved 1048576K
Event: 6.809 GC heap after
Heap after GC invocations=11 (full 3):
 PSYoungGen      total 225280K, used 0K [0x00000000e0000000, 0x00000000ef980000, 0x0000000100000000)
  eden space 207360K, 0% used [0x00000000e0000000,0x00000000e0000000,0x00000000eca80000)
  from space 17920K, 0% used [0x00000000ee000000,0x00000000ee000000,0x00000000ef180000)
  to   space 22016K, 0% used [0x00000000eca80000,0x00000000eca80000,0x00000000ee000000)
 ParOldGen       total 131584K, used 35462K [0x00000000a0000000, 0x00000000a8080000, 0x00000000e0000000)
  object space 131584K, 26% used [0x00000000a0000000,0x00000000a22a1a78,0x00000000a8080000)
 Metaspace       used 57551K, capacity 59054K, committed 59160K, reserved 1099776K
  class space    used 7894K, capacity 8300K, committed 8368K, reserved 1048576K
}

