# JRE version: OpenJDK Runtime Environment (8.0_152-b01) (build 1.8.0_152-release-1248-b01)
# Java VM: OpenJDK 64-Bit Server VM (25.152-b01 mixed mode windows-amd64 compressed oops)
Heap:
 PSYoungGen      total 118784K, used 55516K [0x00000000e0000000, 0x00000000e8580000, 0x0000000100000000)
  eden space 101888K, 47% used [0x00000000e0000000,0x00000000e2f40880,0x00000000e6380000)
  from space 16896K, 42% used [0x00000000e6380000,0x00000000e6a76a28,0x00000000e7400000)
  to   space 16896K, 0% used [0x00000000e7500000,0x00000000e7500000,0x00000000e8580000)
 ParOldGen       total 315392K, used 30215K [0x00000000a0000000, 0x00000000b3400000, 0x00000000e0000000)
  object space 315392K, 9% used [0x00000000a0000000,0x00000000a1d81e40,0x00000000b3400000)
 Metaspace       used 93927K, capacity 100088K, committed 100392K, reserved 1136640K
  class space    used 11883K, capacity 12927K, committed 13096K, reserved 1048576K
GC Heap History (10 events):
Event: 1776.818 GC heap before
{Heap before GC invocations=35 (full 4):
 PSYoungGen      total 117760K, used 107967K [0x00000000e0000000, 0x00000000e8700000, 0x0000000100000000)
  eden space 99328K, 100% used [0x00000000e0000000,0x00000000e6100000,0x00000000e6100000)
  from space 18432K, 46% used [0x00000000e7500000,0x00000000e7d6fe28,0x00000000e8700000)
  to   space 19456K, 0% used [0x00000000e6100000,0x00000000e6100000,0x00000000e7400000)
 ParOldGen       total 315392K, used 30183K [0x00000000a0000000, 0x00000000b3400000, 0x00000000e0000000)
  object space 315392K, 9% used [0x00000000a0000000,0x00000000a1d79e40,0x00000000b3400000)
 Metaspace       used 93257K, capacity 99168K, committed 99624K, reserved 1136640K
  class space    used 11836K, capacity 12853K, committed 13096K, reserved 1048576K
Event: 1776.830 GC heap after
Heap after GC invocations=35 (full 4):
 PSYoungGen      total 118784K, used 9582K [0x00000000e0000000, 0x00000000e8700000, 0x0000000100000000)
  eden space 99328K, 0% used [0x00000000e0000000,0x00000000e0000000,0x00000000e6100000)
  from space 19456K, 49% used [0x00000000e6100000,0x00000000e6a5ba80,0x00000000e7400000)
  to   space 18944K, 0% used [0x00000000e7480000,0x00000000e7480000,0x00000000e8700000)
 ParOldGen       total 315392K, used 30191K [0x00000000a0000000, 0x00000000b3400000, 0x00000000e0000000)
  object space 315392K, 9% used [0x00000000a0000000,0x00000000a1d7be40,0x00000000b3400000)
 Metaspace       used 93257K, capacity 99168K, committed 99624K, reserved 1136640K
  class space    used 11836K, capacity 12853K, committed 13096K, reserved 1048576K
}
Event: 2044.571 GC heap before
{Heap before GC invocations=36 (full 4):
 PSYoungGen      total 118784K, used 108910K [0x00000000e0000000, 0x00000000e8700000, 0x0000000100000000)
  eden space 99328K, 100% used [0x00000000e0000000,0x00000000e6100000,0x00000000e6100000)
  from space 19456K, 49% used [0x00000000e6100000,0x00000000e6a5ba80,0x00000000e7400000)
  to   space 18944K, 0% used [0x00000000e7480000,0x00000000e7480000,0x00000000e8700000)
 ParOldGen       total 315392K, used 30191K [0x00000000a0000000, 0x00000000b3400000, 0x00000000e0000000)
  object space 315392K, 9% used [0x00000000a0000000,0x00000000a1d7be40,0x00000000b3400000)
 Metaspace       used 93554K, capacity 99662K, committed 100136K, reserved 1136640K
  class space    used 11869K, capacity 12912K, committed 13096K, reserved 1048576K
Event: 2044.590 GC heap after
Heap after GC invocations=36 (full 4):
 PSYoungGen      total 118272K, used 6939K [0x00000000e0000000, 0x00000000e8600000, 0x0000000100000000)
  eden space 100352K, 0% used [0x00000000e0000000,0x00000000e0000000,0x00000000e6200000)
  from space 17920K, 38% used [0x00000000e7480000,0x00000000e7b46fb8,0x00000000e8600000)
  to   space 18432K, 0% used [0x00000000e6200000,0x00000000e6200000,0x00000000e7400000)
 ParOldGen       total 315392K, used 30199K [0x00000000a0000000, 0x00000000b3400000, 0x00000000e0000000)
  object space 315392K, 9% used [0x00000000a0000000,0x00000000a1d7de40,0x00000000b3400000)
 Metaspace       used 93554K, capacity 99662K, committed 100136K, reserved 1136640K
  class space    used 11869K, capacity 12912K, committed 13096K, reserved 1048576K
}
Event: 2047.473 GC heap before
{Heap before GC invocations=37 (full 4):
 PSYoungGen      total 118272K, used 107291K [0x00000000e0000000, 0x00000000e8600000, 0x0000000100000000)
  eden space 100352K, 100% used [0x00000000e0000000,0x00000000e6200000,0x00000000e6200000)
  from space 17920K, 38% used [0x00000000e7480000,0x00000000e7b46fb8,0x00000000e8600000)
  to   space 18432K, 0% used [0x00000000e6200000,0x00000000e6200000,0x00000000e7400000)
 ParOldGen       total 315392K, used 30199K [0x00000000a0000000, 0x00000000b3400000, 0x00000000e0000000)
  object space 315392K, 9% used [0x00000000a0000000,0x00000000a1d7de40,0x00000000b3400000)
 Metaspace       used 93694K, capacity 99752K, committed 100136K, reserved 1136640K
  class space    used 11876K, capacity 12915K, committed 13096K, reserved 1048576K
Event: 2047.489 GC heap after
Heap after GC invocations=37 (full 4):
 PSYoungGen      total 118784K, used 9224K [0x00000000e0000000, 0x00000000e8700000, 0x0000000100000000)
  eden space 100352K, 0% used [0x00000000e0000000,0x00000000e0000000,0x00000000e6200000)
  from space 18432K, 50% used [0x00000000e6200000,0x00000000e6b02358,0x00000000e7400000)
  to   space 17920K, 0% used [0x00000000e7580000,0x00000000e7580000,0x00000000e8700000)
 ParOldGen       total 315392K, used 30199K [0x00000000a0000000, 0x00000000b3400000, 0x00000000e0000000)
  object space 315392K, 9% used [0x00000000a0000000,0x00000000a1d7de40,0x00000000b3400000)
 Metaspace       used 93694K, capacity 99752K, committed 100136K, reserved 1136640K
  class space    used 11876K, capacity 12915K, committed 13096K, reserved 1048576K
}
Event: 2100.958 GC heap before
{Heap before GC invocations=38 (full 4):
 PSYoungGen      total 118784K, used 109576K [0x00000000e0000000, 0x00000000e8700000, 0x0000000100000000)
  eden space 100352K, 100% used [0x00000000e0000000,0x00000000e6200000,0x00000000e6200000)
  from space 18432K, 50% used [0x00000000e6200000,0x00000000e6b02358,0x00000000e7400000)
  to   space 17920K, 0% used [0x00000000e7580000,0x00000000e7580000,0x00000000e8700000)
 ParOldGen       total 315392K, used 30199K [0x00000000a0000000, 0x00000000b3400000, 0x00000000e0000000)
  object space 315392K, 9% used [0x00000000a0000000,0x00000000a1d7de40,0x00000000b3400000)
 Metaspace       used 93805K, capacity 99856K, committed 100136K, reserved 1136640K
  class space    used 11880K, capacity 12921K, committed 13096K, reserved 1048576K
Event: 2100.981 GC heap after
Heap after GC invocations=38 (full 4):
 PSYoungGen      total 117248K, used 9333K [0x00000000e0000000, 0x00000000e8480000, 0x0000000100000000)
  eden space 101888K, 0% used [0x00000000e0000000,0x00000000e0000000,0x00000000e6380000)
  from space 15360K, 60% used [0x00000000e7580000,0x00000000e7e9d6f0,0x00000000e8480000)
  to   space 16896K, 0% used [0x00000000e6380000,0x00000000e6380000,0x00000000e7400000)
 ParOldGen       total 315392K, used 30207K [0x00000000a0000000, 0x00000000b3400000, 0x00000000e0000000)
  object space 315392K, 9% used [0x00000000a0000000,0x00000000a1d7fe40,0x00000000b3400000)
 Metaspace       used 93805K, capacity 99856K, committed 100136K, reserved 1136640K
  class space    used 11880K, capacity 12921K, committed 13096K, reserved 1048576K
}
Event: 2404.374 GC heap before
{Heap before GC invocations=39 (full 4):
 PSYoungGen      total 117248K, used 111221K [0x00000000e0000000, 0x00000000e8480000, 0x0000000100000000)
  eden space 101888K, 100% used [0x00000000e0000000,0x00000000e6380000,0x00000000e6380000)
  from space 15360K, 60% used [0x00000000e7580000,0x00000000e7e9d6f0,0x00000000e8480000)
  to   space 16896K, 0% used [0x00000000e6380000,0x00000000e6380000,0x00000000e7400000)
 ParOldGen       total 315392K, used 30207K [0x00000000a0000000, 0x00000000b3400000, 0x00000000e0000000)
  object space 315392K, 9% used [0x00000000a0000000,0x00000000a1d7fe40,0x00000000b3400000)
 Metaspace       used 93905K, capacity 99960K, committed 100392K, reserved 1136640K
  class space    used 11883K, capacity 12927K, committed 13096K, reserved 1048576K
Event: 2404.388 GC heap after
Heap after GC invocations=39 (full 4):
 PSYoungGen      total 118784K, used 7130K [0x00000000e0000000, 0x00000000e8580000, 0x0000000100000000)
  eden space 101888K, 0% used [0x00000000e0000000,0x00000000e0000000,0x00000000e6380000)
  from space 16896K, 42% used [0x00000000e6380000,0x00000000e6a76a28,0x00000000e7400000)
  to   space 16896K, 0% used [0x00000000e7500000,0x00000000e7500000,0x00000000e8580000)
 ParOldGen       total 315392K, used 30215K [0x00000000a0000000, 0x00000000b3400000, 0x00000000e0000000)
  object space 315392K, 9% used [0x00000000a0000000,0x00000000a1d81e40,0x00000000b3400000)
 Metaspace       used 93905K, capacity 99960K, committed 100392K, reserved 1136640K
  class space    used 11883K, capacity 12927K, committed 13096K, reserved 1048576K
}

