# JRE version: OpenJDK Runtime Environment (8.0_152-b01) (build 1.8.0_152-release-1248-b01)
# Java VM: OpenJDK 64-Bit Server VM (25.152-b01 mixed mode windows-amd64 compressed oops)
Heap:
 PSYoungGen      total 217600K, used 15981K [0x00000000e0000000, 0x00000000ef300000, 0x0000000100000000)
  eden space 200192K, 7% used [0x00000000e0000000,0x00000000e0f9b6b8,0x00000000ec380000)
  from space 17408K, 0% used [0x00000000ed900000,0x00000000ed900000,0x00000000eea00000)
  to   space 22016K, 0% used [0x00000000ec380000,0x00000000ec380000,0x00000000ed900000)
 ParOldGen       total 133632K, used 35828K [0x00000000a0000000, 0x00000000a8280000, 0x00000000e0000000)
  object space 133632K, 26% used [0x00000000a0000000,0x00000000a22fd0c0,0x00000000a8280000)
 Metaspace       used 58064K, capacity 59616K, committed 59952K, reserved 1101824K
  class space    used 7955K, capacity 8377K, committed 8496K, reserved 1048576K
GC Heap History (10 events):
Event: 3.944 GC heap before
{Heap before GC invocations=7 (full 1):
 PSYoungGen      total 105984K, used 75452K [0x00000000e0000000, 0x00000000eb200000, 0x0000000100000000)
  eden space 98304K, 68% used [0x00000000e0000000,0x00000000e42303f8,0x00000000e6000000)
  from space 7680K, 99% used [0x00000000e6000000,0x00000000e677eee8,0x00000000e6780000)
  to   space 12288K, 0% used [0x00000000ea600000,0x00000000ea600000,0x00000000eb200000)
 ParOldGen       total 78848K, used 10510K [0x00000000a0000000, 0x00000000a4d00000, 0x00000000e0000000)
  object space 78848K, 13% used [0x00000000a0000000,0x00000000a0a43848,0x00000000a4d00000)
 Metaspace       used 34832K, capacity 35358K, committed 35496K, reserved 1079296K
  class space    used 4854K, capacity 5097K, committed 5168K, reserved 1048576K
Event: 3.951 GC heap after
Heap after GC invocations=7 (full 1):
 PSYoungGen      total 166400K, used 11645K [0x00000000e0000000, 0x00000000eb180000, 0x0000000100000000)
  eden space 154624K, 0% used [0x00000000e0000000,0x00000000e0000000,0x00000000e9700000)
  from space 11776K, 98% used [0x00000000ea600000,0x00000000eb15f4d0,0x00000000eb180000)
  to   space 13312K, 0% used [0x00000000e9780000,0x00000000e9780000,0x00000000ea480000)
 ParOldGen       total 78848K, used 10518K [0x00000000a0000000, 0x00000000a4d00000, 0x00000000e0000000)
  object space 78848K, 13% used [0x00000000a0000000,0x00000000a0a45848,0x00000000a4d00000)
 Metaspace       used 34832K, capacity 35358K, committed 35496K, reserved 1079296K
  class space    used 4854K, capacity 5097K, committed 5168K, reserved 1048576K
}
Event: 3.951 GC heap before
{Heap before GC invocations=8 (full 2):
 PSYoungGen      total 166400K, used 11645K [0x00000000e0000000, 0x00000000eb180000, 0x0000000100000000)
  eden space 154624K, 0% used [0x00000000e0000000,0x00000000e0000000,0x00000000e9700000)
  from space 11776K, 98% used [0x00000000ea600000,0x00000000eb15f4d0,0x00000000eb180000)
  to   space 13312K, 0% used [0x00000000e9780000,0x00000000e9780000,0x00000000ea480000)
 ParOldGen       total 78848K, used 10518K [0x00000000a0000000, 0x00000000a4d00000, 0x00000000e0000000)
  object space 78848K, 13% used [0x00000000a0000000,0x00000000a0a45848,0x00000000a4d00000)
 Metaspace       used 34832K, capacity 35358K, committed 35496K, reserved 1079296K
  class space    used 4854K, capacity 5097K, committed 5168K, reserved 1048576K
Event: 4.028 GC heap after
Heap after GC invocations=8 (full 2):
 PSYoungGen      total 166400K, used 0K [0x00000000e0000000, 0x00000000eb180000, 0x0000000100000000)
  eden space 154624K, 0% used [0x00000000e0000000,0x00000000e0000000,0x00000000e9700000)
  from space 11776K, 0% used [0x00000000ea600000,0x00000000ea600000,0x00000000eb180000)
  to   space 13312K, 0% used [0x00000000e9780000,0x00000000e9780000,0x00000000ea480000)
 ParOldGen       total 133632K, used 18250K [0x00000000a0000000, 0x00000000a8280000, 0x00000000e0000000)
  object space 133632K, 13% used [0x00000000a0000000,0x00000000a11d2940,0x00000000a8280000)
 Metaspace       used 34832K, capacity 35358K, committed 35496K, reserved 1079296K
  class space    used 4854K, capacity 5097K, committed 5168K, reserved 1048576K
}
Event: 5.187 GC heap before
{Heap before GC invocations=9 (full 2):
 PSYoungGen      total 166400K, used 154624K [0x00000000e0000000, 0x00000000eb180000, 0x0000000100000000)
  eden space 154624K, 100% used [0x00000000e0000000,0x00000000e9700000,0x00000000e9700000)
  from space 11776K, 0% used [0x00000000ea600000,0x00000000ea600000,0x00000000eb180000)
  to   space 13312K, 0% used [0x00000000e9780000,0x00000000e9780000,0x00000000ea480000)
 ParOldGen       total 133632K, used 18250K [0x00000000a0000000, 0x00000000a8280000, 0x00000000e0000000)
  object space 133632K, 13% used [0x00000000a0000000,0x00000000a11d2940,0x00000000a8280000)
 Metaspace       used 47904K, capacity 48748K, committed 49072K, reserved 1091584K
  class space    used 6470K, capacity 6763K, committed 6832K, reserved 1048576K
Event: 5.199 GC heap after
Heap after GC invocations=9 (full 2):
 PSYoungGen      total 168448K, used 13288K [0x00000000e0000000, 0x00000000eea00000, 0x0000000100000000)
  eden space 155136K, 0% used [0x00000000e0000000,0x00000000e0000000,0x00000000e9780000)
  from space 13312K, 99% used [0x00000000e9780000,0x00000000ea47a388,0x00000000ea480000)
  to   space 17408K, 0% used [0x00000000ed900000,0x00000000ed900000,0x00000000eea00000)
 ParOldGen       total 133632K, used 23209K [0x00000000a0000000, 0x00000000a8280000, 0x00000000e0000000)
  object space 133632K, 17% used [0x00000000a0000000,0x00000000a16aa4c8,0x00000000a8280000)
 Metaspace       used 47904K, capacity 48748K, committed 49072K, reserved 1091584K
  class space    used 6470K, capacity 6763K, committed 6832K, reserved 1048576K
}
Event: 6.206 GC heap before
{Heap before GC invocations=10 (full 2):
 PSYoungGen      total 168448K, used 129185K [0x00000000e0000000, 0x00000000eea00000, 0x0000000100000000)
  eden space 155136K, 74% used [0x00000000e0000000,0x00000000e712e298,0x00000000e9780000)
  from space 13312K, 99% used [0x00000000e9780000,0x00000000ea47a388,0x00000000ea480000)
  to   space 17408K, 0% used [0x00000000ed900000,0x00000000ed900000,0x00000000eea00000)
 ParOldGen       total 133632K, used 23209K [0x00000000a0000000, 0x00000000a8280000, 0x00000000e0000000)
  object space 133632K, 17% used [0x00000000a0000000,0x00000000a16aa4c8,0x00000000a8280000)
 Metaspace       used 57519K, capacity 59042K, committed 59160K, reserved 1099776K
  class space    used 7887K, capacity 8300K, committed 8368K, reserved 1048576K
Event: 6.219 GC heap after
Heap after GC invocations=10 (full 2):
 PSYoungGen      total 217600K, used 17395K [0x00000000e0000000, 0x00000000ef300000, 0x0000000100000000)
  eden space 200192K, 0% used [0x00000000e0000000,0x00000000e0000000,0x00000000ec380000)
  from space 17408K, 99% used [0x00000000ed900000,0x00000000ee9fce10,0x00000000eea00000)
  to   space 22016K, 0% used [0x00000000ec380000,0x00000000ec380000,0x00000000ed900000)
 ParOldGen       total 133632K, used 28192K [0x00000000a0000000, 0x00000000a8280000, 0x00000000e0000000)
  object space 133632K, 21% used [0x00000000a0000000,0x00000000a1b88220,0x00000000a8280000)
 Metaspace       used 57519K, capacity 59042K, committed 59160K, reserved 1099776K
  class space    used 7887K, capacity 8300K, committed 8368K, reserved 1048576K
}
Event: 6.219 GC heap before
{Heap before GC invocations=11 (full 3):
 PSYoungGen      total 217600K, used 17395K [0x00000000e0000000, 0x00000000ef300000, 0x0000000100000000)
  eden space 200192K, 0% used [0x00000000e0000000,0x00000000e0000000,0x00000000ec380000)
  from space 17408K, 99% used [0x00000000ed900000,0x00000000ee9fce10,0x00000000eea00000)
  to   space 22016K, 0% used [0x00000000ec380000,0x00000000ec380000,0x00000000ed900000)
 ParOldGen       total 133632K, used 28192K [0x00000000a0000000, 0x00000000a8280000, 0x00000000e0000000)
  object space 133632K, 21% used [0x00000000a0000000,0x00000000a1b88220,0x00000000a8280000)
 Metaspace       used 57519K, capacity 59042K, committed 59160K, reserved 1099776K
  class space    used 7887K, capacity 8300K, committed 8368K, reserved 1048576K
Event: 6.425 GC heap after
Heap after GC invocations=11 (full 3):
 PSYoungGen      total 217600K, used 0K [0x00000000e0000000, 0x00000000ef300000, 0x0000000100000000)
  eden space 200192K, 0% used [0x00000000e0000000,0x00000000e0000000,0x00000000ec380000)
  from space 17408K, 0% used [0x00000000ed900000,0x00000000ed900000,0x00000000eea00000)
  to   space 22016K, 0% used [0x00000000ec380000,0x00000000ec380000,0x00000000ed900000)
 ParOldGen       total 133632K, used 35828K [0x00000000a0000000, 0x00000000a8280000, 0x00000000e0000000)
  object space 133632K, 26% used [0x00000000a0000000,0x00000000a22fd0c0,0x00000000a8280000)
 Metaspace       used 57519K, capacity 59042K, committed 59160K, reserved 1099776K
  class space    used 7887K, capacity 8300K, committed 8368K, reserved 1048576K
}

